2017-09-22 21:24:18,633 - 

Running pe01.nbcy01-ne
2017-09-22 21:24:18,633 - ------------------------
2017-09-22 21:24:18,670 - ******** Command: show ip bgp all summary ********
2017-09-22 21:24:18,674 - PASSED! BGP neighbor 40.135.10.74 routes/status is still 0
2017-09-22 21:24:18,676 - PASSED! BGP neighbor 40.135.98.98 routes/status is still 0
2017-09-22 21:24:18,678 - PASSED! BGP neighbor 40.135.128.34 routes/status is still 0
2017-09-22 21:24:18,680 - FAILED! BGP neighbor 40.135.128.38 routes/status was Idle and is now Closing
2017-09-22 21:24:18,683 - PASSED! BGP neighbor 40.135.140.62 routes/status is still Idle
2017-09-22 21:24:18,685 - PASSED! BGP neighbor 40.135.141.142 routes/status is still 0
2017-09-22 21:24:18,688 - PASSED! BGP neighbor 71.7.34.2 routes/status is still Idle
2017-09-22 21:24:18,692 - PASSED! BGP neighbor 139.55.217.170 routes/status is still 0
2017-09-22 21:24:18,694 - FAILED! BGP neighbor 166.82.199.204 routes/status was 28304 and is now 28306
2017-09-22 21:24:18,696 - FAILED! BGP neighbor 166.82.199.205 routes/status was 28302 and is now 28305
2017-09-22 21:24:18,697 - PASSED! BGP neighbor 2607:FEC0::8DE routes/status is still 220
2017-09-22 21:24:18,698 - PASSED! BGP neighbor 2607:FEC0::8DF routes/status is still 218
2017-09-22 21:24:18,700 - PASSED! BGP neighbor 172.16.0.38 routes/status is still 2
2017-09-22 21:24:18,701 - PASSED! BGP neighbor 172.16.0.46 routes/status is still 2
2017-09-22 21:24:18,702 - PASSED! BGP neighbor 172.16.0.50 routes/status is still 2
2017-09-22 21:24:18,703 - PASSED! BGP neighbor 172.26.9.14 routes/status is still 9
2017-09-22 21:24:18,704 - PASSED! BGP neighbor 172.16.5.2 routes/status is still 5
2017-09-22 21:24:18,706 - PASSED! BGP neighbor 172.16.15.2 routes/status is still 5
2017-09-22 21:24:18,707 - PASSED! BGP neighbor 172.16.19.2 routes/status is still 8
2017-09-22 21:24:18,708 - FAILED! BGP neighbor 172.16.25.2 routes/status was Idle and is now Active
2017-09-22 21:24:18,710 - PASSED! BGP neighbor 172.16.36.2 routes/status is still 5
2017-09-22 21:24:18,712 - PASSED! BGP neighbor 172.16.0.2 routes/status is still Active
2017-09-22 21:24:18,714 - PASSED! BGP neighbor 172.16.0.10 routes/status is still 2
2017-09-22 21:24:18,715 - PASSED! BGP neighbor 172.16.0.14 routes/status is still 7
2017-09-22 21:24:18,716 - PASSED! BGP neighbor 172.16.0.26 routes/status is still Active
2017-09-22 21:24:18,717 - PASSED! BGP neighbor 10.0.1.22 routes/status is still 16
2017-09-22 21:24:18,719 - PASSED! BGP neighbor 10.0.1.58 routes/status is still 3
2017-09-22 21:24:18,720 - FAILED! BGP neighbor 10.0.1.150 routes/status was Idle and is now Active
2017-09-22 21:24:18,722 - PASSED! BGP neighbor 10.0.1.154 routes/status is still 3
2017-09-22 21:24:18,723 - PASSED! BGP neighbor 10.0.1.158 routes/status is still Active
2017-09-22 21:24:18,724 - PASSED! BGP neighbor 10.0.1.174 routes/status is still 3
2017-09-22 21:24:18,726 - PASSED! BGP neighbor 10.0.1.242 routes/status is still 3
2017-09-22 21:24:18,727 - PASSED! BGP neighbor 172.16.31.17 routes/status is still Idle
2017-09-22 21:24:18,729 - PASSED! BGP neighbor 192.168.30.10 routes/status is still 2
2017-09-22 21:24:18,730 - PASSED! BGP neighbor 192.168.30.18 routes/status is still 2
2017-09-22 21:24:18,731 - PASSED! BGP neighbor 192.168.30.30 routes/status is still 2
2017-09-22 21:24:18,732 - PASSED! BGP neighbor 172.168.10.2 routes/status is still Idle
2017-09-22 21:24:18,733 - PASSED! BGP neighbor 172.168.20.2 routes/status is still 3
2017-09-22 21:24:18,735 - PASSED! BGP neighbor 172.168.30.2 routes/status is still Idle
2017-09-22 21:24:18,736 - PASSED! BGP neighbor 172.168.50.2 routes/status is still Idle
2017-09-22 21:24:18,737 - PASSED! BGP neighbor 192.168.123.2 routes/status is still Idle
2017-09-22 21:24:18,738 - PASSED! BGP neighbor 192.168.124.2 routes/status is still Idle
2017-09-22 21:24:18,740 - FAILED! BGP neighbor 151.213.14.143 routes/status was 18960 and is now 18959
2017-09-22 21:24:18,742 - FAILED! BGP neighbor 151.213.14.144 routes/status was 18963 and is now 18962
2017-09-22 21:24:18,744 - PASSED! BGP neighbor 151.213.14.143 routes/status is still 0
2017-09-22 21:24:18,745 - PASSED! BGP neighbor 151.213.14.144 routes/status is still 0
2017-09-22 21:24:18,746 - FAIL! 39 tests passed, 7 tests failed!

2017-09-22 21:24:18,748 - ******** Command: show ip interface brief | e Vi ********
2017-09-22 21:24:18,750 - PASSED! Interface GigabitEthernet1/1/0 is still up/up
2017-09-22 21:24:18,751 - PASSED! Interface Gi1/1/0.310 is still up/up
2017-09-22 21:24:18,753 - PASSED! Interface Gi1/1/0.525 is still up/up
2017-09-22 21:24:18,754 - PASSED! Interface Gi1/1/0.1000 is still up/up
2017-09-22 21:24:18,756 - PASSED! Interface Gi1/1/0.1229 is still up/up
2017-09-22 21:24:18,758 - PASSED! Interface Gi1/1/0.1230 is still up/up
2017-09-22 21:24:18,759 - PASSED! Interface Gi1/1/0.1231 is still down/deleted
2017-09-22 21:24:18,761 - PASSED! Interface Gi1/1/0.1232 is still down/deleted
2017-09-22 21:24:18,762 - PASSED! Interface Gi1/1/0.1251 is still down/deleted
2017-09-22 21:24:18,764 - PASSED! Interface Gi1/1/0.1252 is still up/up
2017-09-22 21:24:18,765 - PASSED! Interface Gi1/1/0.1257 is still down/deleted
2017-09-22 21:24:18,767 - PASSED! Interface Gi1/1/0.1258 is still down/deleted
2017-09-22 21:24:18,768 - PASSED! Interface Gi1/1/0.1262 is still up/up
2017-09-22 21:24:18,769 - PASSED! Interface Gi1/1/0.1270 is still up/up
2017-09-22 21:24:18,771 - PASSED! Interface Gi1/1/0.1282 is still down/deleted
2017-09-22 21:24:18,773 - PASSED! Interface Gi1/1/0.1461 is still up/up
2017-09-22 21:24:18,775 - PASSED! Interface Gi1/1/0.1486 is still down/deleted
2017-09-22 21:24:18,778 - PASSED! Interface Gi1/1/0.1814 is still up/up
2017-09-22 21:24:18,779 - PASSED! Interface Gi1/1/0.1815 is still up/up
2017-09-22 21:24:18,781 - PASSED! Interface GigabitEthernet1/1/1 is still down/down
2017-09-22 21:24:18,782 - PASSED! Interface GigabitEthernet1/1/2 is still up/up
2017-09-22 21:24:18,784 - PASSED! Interface GigabitEthernet1/1/2.3 is still up/up
2017-09-22 21:24:18,786 - PASSED! Interface Gi1/1/2.205 is still up/up
2017-09-22 21:24:18,788 - PASSED! Interface Gi1/1/2.1221 is still up/up
2017-09-22 21:24:18,789 - PASSED! Interface Gi1/1/2.1222 is still up/up
2017-09-22 21:24:18,791 - PASSED! Interface Gi1/1/2.1244 is still up/up
2017-09-22 21:24:18,793 - PASSED! Interface Gi1/1/2.1250 is still down/deleted
2017-09-22 21:24:18,794 - PASSED! Interface Gi1/1/2.1271 is still down/deleted
2017-09-22 21:24:18,796 - PASSED! Interface Gi1/1/2.1273 is still up/up
2017-09-22 21:24:18,797 - PASSED! Interface Gi1/1/2.1274 is still up/up
2017-09-22 21:24:18,798 - PASSED! Interface Gi1/1/2.1280 is still up/up
2017-09-22 21:24:18,800 - PASSED! Interface Gi1/1/2.1281 is still up/up
2017-09-22 21:24:18,802 - PASSED! Interface Gi1/1/2.1283 is still up/up
2017-09-22 21:24:18,803 - PASSED! Interface Gi1/1/2.1284 is still up/up
2017-09-22 21:24:18,805 - PASSED! Interface Gi1/1/2.2033 is still up/up
2017-09-22 21:24:18,806 - PASSED! Interface GigabitEthernet1/1/3 is still up/up
2017-09-22 21:24:18,808 - PASSED! Interface Gi1/1/3.600 is still down/deleted
2017-09-22 21:24:18,809 - PASSED! Interface Gi1/1/3.775 is still down/deleted
2017-09-22 21:24:18,811 - PASSED! Interface Gi1/1/3.782 is still down/deleted
2017-09-22 21:24:18,812 - PASSED! Interface Gi1/1/3.805 is still down/deleted
2017-09-22 21:24:18,814 - PASSED! Interface Gi1/1/3.986 is still down/deleted
2017-09-22 21:24:18,816 - PASSED! Interface Gi1/1/3.1064 is still down/deleted
2017-09-22 21:24:18,817 - PASSED! Interface Gi1/1/3.1084 is still down/deleted
2017-09-22 21:24:18,818 - PASSED! Interface Gi1/1/3.1201 is still down/deleted
2017-09-22 21:24:18,820 - PASSED! Interface Gi1/1/3.1202 is still down/deleted
2017-09-22 21:24:18,822 - PASSED! Interface Gi1/1/3.1205 is still down/deleted
2017-09-22 21:24:18,823 - PASSED! Interface Gi1/1/3.1209 is still down/deleted
2017-09-22 21:24:18,825 - PASSED! Interface Gi1/1/3.1210 is still down/deleted
2017-09-22 21:24:18,826 - PASSED! Interface Gi1/1/3.1218 is still down/deleted
2017-09-22 21:24:18,828 - PASSED! Interface Gi1/1/3.1219 is still down/deleted
2017-09-22 21:24:18,829 - PASSED! Interface Gi1/1/3.1222 is still down/deleted
2017-09-22 21:24:18,831 - PASSED! Interface Gi1/1/3.1224 is still down/deleted
2017-09-22 21:24:18,833 - PASSED! Interface Gi1/1/3.1233 is still down/deleted
2017-09-22 21:24:18,834 - PASSED! Interface Gi1/1/3.1238 is still down/deleted
2017-09-22 21:24:18,835 - PASSED! Interface Gi1/1/3.1240 is still down/deleted
2017-09-22 21:24:18,837 - PASSED! Interface Gi1/1/3.1263 is still down/deleted
2017-09-22 21:24:18,839 - PASSED! Interface Gi1/1/3.1267 is still down/deleted
2017-09-22 21:24:18,840 - PASSED! Interface Gi1/1/3.1268 is still down/deleted
2017-09-22 21:24:18,842 - PASSED! Interface Gi1/1/3.1288 is still down/deleted
2017-09-22 21:24:18,843 - PASSED! Interface Gi1/1/3.1289 is still down/deleted
2017-09-22 21:24:18,845 - PASSED! Interface Gi1/1/3.1290 is still down/deleted
2017-09-22 21:24:18,847 - PASSED! Interface Gi1/1/3.1291 is still down/deleted
2017-09-22 21:24:18,848 - PASSED! Interface Gi1/1/3.1292 is still down/deleted
2017-09-22 21:24:18,850 - PASSED! Interface Gi1/1/3.1300 is still down/deleted
2017-09-22 21:24:18,851 - PASSED! Interface Gi1/1/3.1301 is still down/deleted
2017-09-22 21:24:18,853 - PASSED! Interface Gi1/1/3.1322 is still down/deleted
2017-09-22 21:24:18,854 - PASSED! Interface Gi1/1/3.1327 is still down/deleted
2017-09-22 21:24:18,856 - PASSED! Interface Gi1/1/3.1433 is still down/deleted
2017-09-22 21:24:18,857 - PASSED! Interface Gi1/1/3.1489 is still down/deleted
2017-09-22 21:24:18,859 - PASSED! Interface Gi1/1/3.1490 is still down/deleted
2017-09-22 21:24:18,860 - PASSED! Interface Gi1/1/3.1491 is still down/deleted
2017-09-22 21:24:18,862 - PASSED! Interface Gi1/1/3.1492 is still down/deleted
2017-09-22 21:24:18,863 - PASSED! Interface Gi1/1/3.1620 is still down/deleted
2017-09-22 21:24:18,865 - PASSED! Interface Gi1/1/3.1621 is still down/deleted
2017-09-22 21:24:18,867 - PASSED! Interface Gi1/1/3.1801 is still down/deleted
2017-09-22 21:24:18,868 - PASSED! Interface Gi1/1/3.1802 is still down/deleted
2017-09-22 21:24:18,869 - PASSED! Interface Gi1/1/3.1864 is still down/deleted
2017-09-22 21:24:18,871 - PASSED! Interface Gi1/1/3.1865 is still down/deleted
2017-09-22 21:24:18,872 - PASSED! Interface GigabitEthernet1/1/4 is still up/up
2017-09-22 21:24:18,874 - PASSED! Interface GigabitEthernet1/1/4.2 is still up/up
2017-09-22 21:24:18,876 - PASSED! Interface Gi1/1/4.310 is still up/up
2017-09-22 21:24:18,877 - PASSED! Interface Gi1/1/4.503 is still down/deleted
2017-09-22 21:24:18,878 - PASSED! Interface Gi1/1/4.504 is still down/deleted
2017-09-22 21:24:18,880 - PASSED! Interface Gi1/1/4.506 is still down/deleted
2017-09-22 21:24:18,882 - PASSED! Interface Gi1/1/4.507 is still down/deleted
2017-09-22 21:24:18,883 - PASSED! Interface Gi1/1/4.519 is still up/up
2017-09-22 21:24:18,885 - PASSED! Interface Gi1/1/4.520 is still up/up
2017-09-22 21:24:18,886 - PASSED! Interface Gi1/1/4.639 is still up/up
2017-09-22 21:24:18,888 - PASSED! Interface Gi1/1/4.651 is still down/deleted
2017-09-22 21:24:18,889 - PASSED! Interface Gi1/1/4.670 is still up/up
2017-09-22 21:24:18,891 - PASSED! Interface Gi1/1/4.1228 is still down/deleted
2017-09-22 21:24:18,892 - PASSED! Interface GigabitEthernet1/2/0 is still up/up
2017-09-22 21:24:18,893 - PASSED! Interface Gi1/2/0.310 is still up/up
2017-09-22 21:24:18,895 - PASSED! Interface Gi1/2/0.527 is still up/up
2017-09-22 21:24:18,897 - PASSED! Interface Gi1/2/0.528 is still down/deleted
2017-09-22 21:24:18,898 - PASSED! Interface Gi1/2/0.1200 is still up/up
2017-09-22 21:24:18,900 - PASSED! Interface Gi1/2/0.1206 is still up/up
2017-09-22 21:24:18,901 - PASSED! Interface Gi1/2/0.1212 is still up/up
2017-09-22 21:24:18,903 - PASSED! Interface Gi1/2/0.1213 is still up/up
2017-09-22 21:24:18,905 - PASSED! Interface Gi1/2/0.1214 is still up/up
2017-09-22 21:24:18,906 - PASSED! Interface Gi1/2/0.1215 is still up/up
2017-09-22 21:24:18,908 - PASSED! Interface Gi1/2/0.1216 is still up/up
2017-09-22 21:24:18,909 - PASSED! Interface Gi1/2/0.1217 is still down/deleted
2017-09-22 21:24:18,911 - PASSED! Interface Gi1/2/0.1221 is still up/up
2017-09-22 21:24:18,912 - PASSED! Interface Gi1/2/0.1225 is still down/down
2017-09-22 21:24:18,914 - PASSED! Interface Gi1/2/0.1226 is still up/up
2017-09-22 21:24:18,915 - PASSED! Interface Gi1/2/0.1254 is still down/deleted
2017-09-22 21:24:18,917 - PASSED! Interface Gi1/2/0.1260 is still down/deleted
2017-09-22 21:24:18,918 - PASSED! Interface Gi1/2/0.1272 is still up/up
2017-09-22 21:24:18,920 - PASSED! Interface Gi1/2/0.1275 is still up/up
2017-09-22 21:24:18,921 - PASSED! Interface Gi1/2/0.2031 is still down/deleted
2017-09-22 21:24:18,923 - PASSED! Interface Gi1/2/0.2032 is still up/up
2017-09-22 21:24:18,924 - PASSED! Interface GigabitEthernet1/2/1 is still up/up
2017-09-22 21:24:18,926 - PASSED! Interface Gi1/2/1.2031 is still down/deleted
2017-09-22 21:24:18,928 - PASSED! Interface GigabitEthernet1/2/2 is still up/up
2017-09-22 21:24:18,929 - PASSED! Interface Gi1/2/2.310 is still up/up
2017-09-22 21:24:18,930 - PASSED! Interface Gi1/2/2.506 is still down/deleted
2017-09-22 21:24:18,932 - PASSED! Interface Gi1/2/2.507 is still down/deleted
2017-09-22 21:24:18,934 - PASSED! Interface Gi1/2/2.525 is still up/up
2017-09-22 21:24:18,935 - PASSED! Interface Gi1/2/2.526 is still up/up
2017-09-22 21:24:18,937 - PASSED! Interface Gi1/2/2.997 is still up/up
2017-09-22 21:24:18,938 - PASSED! Interface Gi1/2/2.1236 is still up/up
2017-09-22 21:24:18,940 - PASSED! Interface Gi1/2/2.1244 is still up/up
2017-09-22 21:24:18,941 - PASSED! Interface Gi1/2/2.1245 is still down/down
2017-09-22 21:24:18,943 - PASSED! Interface Gi1/2/2.1260 is still up/up
2017-09-22 21:24:18,944 - PASSED! Interface Gi1/2/2.1265 is still up/up
2017-09-22 21:24:18,946 - PASSED! Interface Gi1/2/2.1266 is still up/up
2017-09-22 21:24:18,948 - PASSED! Interface Gi1/2/2.1271 is still down/deleted
2017-09-22 21:24:18,949 - PASSED! Interface Gi1/2/2.1276 is still up/up
2017-09-22 21:24:18,951 - PASSED! Interface Gi1/2/2.1285 is still up/up
2017-09-22 21:24:18,952 - PASSED! Interface Gi1/2/2.1812 is still up/up
2017-09-22 21:24:18,954 - PASSED! Interface Gi1/2/2.1813 is still up/up
2017-09-22 21:24:18,956 - PASSED! Interface Gi1/2/2.2031 is still up/up
2017-09-22 21:24:18,957 - PASSED! Interface GigabitEthernet1/2/3 is still up/up
2017-09-22 21:24:18,958 - PASSED! Interface Gi1/2/3.310 is still up/up
2017-09-22 21:24:18,960 - PASSED! Interface Gi1/2/3.1225 is still up/up
2017-09-22 21:24:18,962 - PASSED! Interface Gi1/2/3.1246 is still up/up
2017-09-22 21:24:18,963 - PASSED! Interface Gi1/2/3.1263 is still down/deleted
2017-09-22 21:24:18,965 - PASSED! Interface Gi1/2/3.1278 is still up/up
2017-09-22 21:24:18,966 - PASSED! Interface GigabitEthernet1/2/4 is still down/up
2017-09-22 21:24:18,967 - PASSED! Interface Gi1/2/4.310 is still down/up
2017-09-22 21:24:18,969 - PASSED! Interface Gi1/2/4.1248 is still down/up
2017-09-22 21:24:18,971 - PASSED! Interface GigabitEthernet2/1 is still up/up
2017-09-22 21:24:18,972 - PASSED! Interface GigabitEthernet2/1.623 is still up/up
2017-09-22 21:24:18,974 - PASSED! Interface GigabitEthernet2/1.624 is still up/up
2017-09-22 21:24:18,975 - PASSED! Interface GigabitEthernet2/2 is still up/up
2017-09-22 21:24:18,977 - PASSED! Interface GigabitEthernet2/2.999 is still up/up
2017-09-22 21:24:18,979 - PASSED! Interface Gi2/2.1619 is still up/up
2017-09-22 21:24:18,980 - PASSED! Interface Gi2/2.1622 is still down/deleted
2017-09-22 21:24:18,982 - PASSED! Interface GigabitEthernet2/3 is still up/up
2017-09-22 21:24:18,984 - PASSED! Interface Gi2/3.1286 is still down/deleted
2017-09-22 21:24:18,985 - PASSED! Interface Gi2/3.1287 is still up/up
2017-09-22 21:24:18,987 - PASSED! Interface Gi2/3.1535 is still up/up
2017-09-22 21:24:18,988 - PASSED! Interface GigabitEthernet2/4 is still up/up
2017-09-22 21:24:18,990 - PASSED! Interface Gi2/4.1279 is still down/deleted
2017-09-22 21:24:18,991 - PASSED! Interface Gi2/4.1636 is still down/deleted
2017-09-22 21:24:18,993 - PASSED! Interface GigabitEthernet2/5 is still up/up
2017-09-22 21:24:18,994 - PASSED! Interface GigabitEthernet2/6 is still up/up
2017-09-22 21:24:18,996 - PASSED! Interface GigabitEthernet2/6.754 is still up/up
2017-09-22 21:24:18,997 - PASSED! Interface GigabitEthernet2/7 is still up/up
2017-09-22 21:24:18,999 - PASSED! Interface GigabitEthernet2/8 is still up/up
2017-09-22 21:24:19,000 - PASSED! Interface GigabitEthernet2/8.527 is still down/deleted
2017-09-22 21:24:19,002 - PASSED! Interface GigabitEthernet2/8.528 is still down/deleted
2017-09-22 21:24:19,003 - PASSED! Interface GigabitEthernet2/9 is still down/down
2017-09-22 21:24:19,005 - PASSED! Interface GigabitEthernet2/10 is still down/down
2017-09-22 21:24:19,007 - PASSED! Interface GigabitEthernet2/11 is still down/down
2017-09-22 21:24:19,008 - PASSED! Interface GigabitEthernet2/12 is still down/down
2017-09-22 21:24:19,010 - PASSED! Interface GigabitEthernet2/13 is still down/down
2017-09-22 21:24:19,011 - PASSED! Interface GigabitEthernet2/14 is still down/down
2017-09-22 21:24:19,012 - PASSED! Interface GigabitEthernet2/15 is still down/down
2017-09-22 21:24:19,014 - PASSED! Interface GigabitEthernet2/16 is still up/up
2017-09-22 21:24:19,016 - PASSED! Interface GigabitEthernet3/1 is still up/up
2017-09-22 21:24:19,017 - PASSED! Interface GigabitEthernet3/2 is still up/up
2017-09-22 21:24:19,019 - PASSED! Interface GigabitEthernet3/2.81 is still up/up
2017-09-22 21:24:19,020 - PASSED! Interface GigabitEthernet3/2.619 is still up/up
2017-09-22 21:24:19,022 - PASSED! Interface GigabitEthernet3/2.784 is still down/deleted
2017-09-22 21:24:19,023 - PASSED! Interface GigabitEthernet3/2.814 is still up/up
2017-09-22 21:24:19,025 - PASSED! Interface GigabitEthernet3/2.851 is still down/deleted
2017-09-22 21:24:19,026 - PASSED! Interface Gi3/2.1324 is still up/up
2017-09-22 21:24:19,028 - PASSED! Interface Gi3/2.1326 is still up/up
2017-09-22 21:24:19,029 - PASSED! Interface Gi3/2.1411 is still up/up
2017-09-22 21:24:19,031 - PASSED! Interface GigabitEthernet3/3 is still up/up
2017-09-22 21:24:19,032 - PASSED! Interface GigabitEthernet3/4 is still down/down
2017-09-22 21:24:19,034 - PASSED! Interface GigabitEthernet3/4.593 is still down/deleted
2017-09-22 21:24:19,035 - PASSED! Interface GigabitEthernet3/4.754 is still down/deleted
2017-09-22 21:24:19,037 - PASSED! Interface GigabitEthernet3/5 is still down/down
2017-09-22 21:24:19,038 - PASSED! Interface GigabitEthernet3/6 is still down/down
2017-09-22 21:24:19,040 - PASSED! Interface GigabitEthernet3/7 is still up/up
2017-09-22 21:24:19,041 - PASSED! Interface GigabitEthernet3/8 is still down/down
2017-09-22 21:24:19,043 - PASSED! Interface GigabitEthernet3/8.618 is still down/down
2017-09-22 21:24:19,044 - PASSED! Interface GigabitEthernet3/9 is still up/up
2017-09-22 21:24:19,046 - PASSED! Interface GigabitEthernet3/10 is still down/down
2017-09-22 21:24:19,047 - PASSED! Interface Gi3/10.617 is still down/down
2017-09-22 21:24:19,049 - PASSED! Interface GigabitEthernet3/11 is still up/up
2017-09-22 21:24:19,051 - PASSED! Interface Gi3/11.625 is still down/deleted
2017-09-22 21:24:19,052 - PASSED! Interface Gi3/11.775 is still down/deleted
2017-09-22 21:24:19,054 - PASSED! Interface Gi3/11.805 is still down/deleted
2017-09-22 21:24:19,055 - PASSED! Interface Gi3/11.1005 is still down/deleted
2017-09-22 21:24:19,057 - PASSED! Interface Gi3/11.1203 is still down/deleted
2017-09-22 21:24:19,058 - PASSED! Interface Gi3/11.1209 is still down/deleted
2017-09-22 21:24:19,060 - PASSED! Interface Gi3/11.1218 is still down/deleted
2017-09-22 21:24:19,061 - PASSED! Interface Gi3/11.1219 is still down/deleted
2017-09-22 21:24:19,063 - PASSED! Interface Gi3/11.1238 is still down/deleted
2017-09-22 21:24:19,064 - PASSED! Interface Gi3/11.1263 is still down/deleted
2017-09-22 21:24:19,066 - PASSED! Interface Gi3/11.1267 is still down/deleted
2017-09-22 21:24:19,067 - PASSED! Interface Gi3/11.1268 is still down/deleted
2017-09-22 21:24:19,069 - PASSED! Interface Gi3/11.1288 is still down/deleted
2017-09-22 21:24:19,070 - PASSED! Interface Gi3/11.1291 is still down/deleted
2017-09-22 21:24:19,072 - PASSED! Interface Gi3/11.1292 is still down/deleted
2017-09-22 21:24:19,074 - PASSED! Interface Gi3/11.1322 is still down/deleted
2017-09-22 21:24:19,075 - PASSED! Interface Gi3/11.1327 is still down/deleted
2017-09-22 21:24:19,076 - PASSED! Interface Gi3/11.1433 is still down/deleted
2017-09-22 21:24:19,078 - PASSED! Interface Gi3/11.1489 is still down/deleted
2017-09-22 21:24:19,080 - PASSED! Interface Gi3/11.1490 is still down/deleted
2017-09-22 21:24:19,081 - PASSED! Interface Gi3/11.1491 is still down/deleted
2017-09-22 21:24:19,083 - PASSED! Interface Gi3/11.1492 is still down/deleted
2017-09-22 21:24:19,084 - PASSED! Interface Gi3/11.1620 is still down/deleted
2017-09-22 21:24:19,086 - PASSED! Interface Gi3/11.1801 is still down/deleted
2017-09-22 21:24:19,088 - PASSED! Interface Gi3/11.1802 is still down/deleted
2017-09-22 21:24:19,090 - PASSED! Interface Gi3/11.13222 is still up/up
2017-09-22 21:24:19,091 - PASSED! Interface GigabitEthernet3/12 is still down/down
2017-09-22 21:24:19,094 - PASSED! Interface GigabitEthernet3/13 is still down/down
2017-09-22 21:24:19,096 - PASSED! Interface GigabitEthernet3/14 is still down/down
2017-09-22 21:24:19,098 - PASSED! Interface GigabitEthernet3/15 is still down/down
2017-09-22 21:24:19,100 - PASSED! Interface GigabitEthernet3/16 is still down/down
2017-09-22 21:24:19,102 - PASSED! Interface Gi3/16.525 is still down/deleted
2017-09-22 21:24:19,103 - PASSED! Interface GigabitEthernet3/17 is still down/down
2017-09-22 21:24:19,105 - PASSED! Interface GigabitEthernet3/18 is still down/down
2017-09-22 21:24:19,106 - PASSED! Interface GigabitEthernet3/19 is still down/down
2017-09-22 21:24:19,108 - PASSED! Interface GigabitEthernet3/20 is still down/down
2017-09-22 21:24:19,110 - PASSED! Interface GigabitEthernet3/21 is still down/down
2017-09-22 21:24:19,114 - PASSED! Interface GigabitEthernet3/22 is still down/down
2017-09-22 21:24:19,116 - PASSED! Interface GigabitEthernet3/23 is still down/down
2017-09-22 21:24:19,118 - PASSED! Interface GigabitEthernet3/24 is still down/down
2017-09-22 21:24:19,119 - PASSED! Interface GigabitEthernet3/25 is still down/down
2017-09-22 21:24:19,121 - PASSED! Interface GigabitEthernet3/26 is still down/down
2017-09-22 21:24:19,123 - PASSED! Interface GigabitEthernet3/27 is still down/down
2017-09-22 21:24:19,125 - PASSED! Interface GigabitEthernet3/28 is still down/down
2017-09-22 21:24:19,127 - PASSED! Interface GigabitEthernet3/29 is still down/down
2017-09-22 21:24:19,128 - PASSED! Interface GigabitEthernet3/30 is still down/down
2017-09-22 21:24:19,130 - PASSED! Interface GigabitEthernet3/31 is still down/down
2017-09-22 21:24:19,132 - PASSED! Interface GigabitEthernet3/32 is still down/down
2017-09-22 21:24:19,134 - PASSED! Interface GigabitEthernet3/33 is still down/down
2017-09-22 21:24:19,136 - PASSED! Interface GigabitEthernet3/34 is still down/down
2017-09-22 21:24:19,138 - PASSED! Interface GigabitEthernet3/35 is still down/down
2017-09-22 21:24:19,140 - PASSED! Interface GigabitEthernet3/36 is still down/down
2017-09-22 21:24:19,141 - PASSED! Interface GigabitEthernet3/37 is still down/down
2017-09-22 21:24:19,143 - PASSED! Interface GigabitEthernet3/38 is still down/down
2017-09-22 21:24:19,144 - PASSED! Interface GigabitEthernet3/39 is still down/down
2017-09-22 21:24:19,146 - PASSED! Interface GigabitEthernet3/40 is still down/down
2017-09-22 21:24:19,147 - PASSED! Interface GigabitEthernet3/41 is still down/down
2017-09-22 21:24:19,149 - PASSED! Interface GigabitEthernet3/42 is still down/down
2017-09-22 21:24:19,150 - PASSED! Interface GigabitEthernet3/43 is still down/down
2017-09-22 21:24:19,152 - PASSED! Interface GigabitEthernet3/44 is still down/down
2017-09-22 21:24:19,154 - PASSED! Interface GigabitEthernet3/45 is still down/down
2017-09-22 21:24:19,155 - PASSED! Interface GigabitEthernet3/46 is still down/down
2017-09-22 21:24:19,157 - PASSED! Interface GigabitEthernet3/47 is still down/down
2017-09-22 21:24:19,159 - PASSED! Interface GigabitEthernet3/48 is still down/down
2017-09-22 21:24:19,161 - PASSED! Interface GigabitEthernet4/1 is still up/up
2017-09-22 21:24:19,162 - PASSED! Interface GigabitEthernet4/2 is still down/down
2017-09-22 21:24:19,164 - PASSED! Interface GigabitEthernet4/3 is still down/down
2017-09-22 21:24:19,165 - PASSED! Interface GigabitEthernet4/4 is still down/down
2017-09-22 21:24:19,167 - PASSED! Interface GigabitEthernet4/5 is still down/down
2017-09-22 21:24:19,169 - PASSED! Interface GigabitEthernet4/6 is still down/down
2017-09-22 21:24:19,170 - PASSED! Interface GigabitEthernet4/7 is still down/down
2017-09-22 21:24:19,172 - PASSED! Interface GigabitEthernet4/8 is still down/down
2017-09-22 21:24:19,173 - PASSED! Interface GigabitEthernet4/9 is still down/down
2017-09-22 21:24:19,175 - PASSED! Interface GigabitEthernet4/10 is still down/down
2017-09-22 21:24:19,177 - PASSED! Interface GigabitEthernet4/11 is still down/down
2017-09-22 21:24:19,178 - PASSED! Interface GigabitEthernet4/12 is still down/down
2017-09-22 21:24:19,180 - PASSED! Interface GigabitEthernet4/13 is still down/down
2017-09-22 21:24:19,182 - PASSED! Interface GigabitEthernet4/14 is still down/down
2017-09-22 21:24:19,183 - PASSED! Interface GigabitEthernet4/15 is still down/down
2017-09-22 21:24:19,185 - PASSED! Interface GigabitEthernet4/16 is still down/down
2017-09-22 21:24:19,186 - PASSED! Interface GigabitEthernet5/1 is still down/down
2017-09-22 21:24:19,188 - PASSED! Interface GigabitEthernet5/2 is still down/down
2017-09-22 21:24:19,190 - FAILED! Interface GigabitEthernet5/3 was up/up and is now down/down
2017-09-22 21:24:19,192 - PASSED! Interface GigabitEthernet5/4 is still down/down
2017-09-22 21:24:19,194 - PASSED! Interface GigabitEthernet5/5 is still down/down
2017-09-22 21:24:19,196 - PASSED! Interface GigabitEthernet5/6 is still down/down
2017-09-22 21:24:19,198 - PASSED! Interface GigabitEthernet5/7 is still down/down
2017-09-22 21:24:19,199 - PASSED! Interface GigabitEthernet5/8 is still down/down
2017-09-22 21:24:19,201 - PASSED! Interface GigabitEthernet5/9 is still down/down
2017-09-22 21:24:19,203 - PASSED! Interface GigabitEthernet6/1 is still down/down
2017-09-22 21:24:19,205 - PASSED! Interface GigabitEthernet6/2 is still down/down
2017-09-22 21:24:19,207 - FAILED! Interface GigabitEthernet6/3 was up/up and is now down/down
2017-09-22 21:24:19,209 - PASSED! Interface GigabitEthernet6/4 is still down/down
2017-09-22 21:24:19,210 - PASSED! Interface GigabitEthernet6/5 is still down/down
2017-09-22 21:24:19,212 - PASSED! Interface GigabitEthernet6/6 is still down/down
2017-09-22 21:24:19,214 - PASSED! Interface GigabitEthernet6/7 is still down/down
2017-09-22 21:24:19,215 - PASSED! Interface GigabitEthernet6/8 is still down/down
2017-09-22 21:24:19,217 - PASSED! Interface GigabitEthernet6/9 is still down/down
2017-09-22 21:24:19,219 - PASSED! Interface GigabitEthernet7/0/0 is still up/up
2017-09-22 21:24:19,221 - PASSED! Interface Gi7/0/0.200 is still down/deleted
2017-09-22 21:24:19,223 - PASSED! Interface Gi7/0/0.310 is still up/up
2017-09-22 21:24:19,224 - PASSED! Interface Gi7/0/0.526 is still up/up
2017-09-22 21:24:19,226 - PASSED! Interface Gi7/0/0.527 is still up/up
2017-09-22 21:24:19,228 - PASSED! Interface Gi7/0/0.741 is still up/up
2017-09-22 21:24:19,229 - PASSED! Interface Gi7/0/0.828 is still up/up
2017-09-22 21:24:19,231 - PASSED! Interface Gi7/0/0.928 is still up/up
2017-09-22 21:24:19,233 - PASSED! Interface Gi7/0/0.991 is still up/up
2017-09-22 21:24:19,236 - PASSED! Interface Gi7/0/0.992 is still up/up
2017-09-22 21:24:19,237 - PASSED! Interface Gi7/0/0.1234 is still up/up
2017-09-22 21:24:19,239 - PASSED! Interface Gi7/0/0.1241 is still up/up
2017-09-22 21:24:19,240 - PASSED! Interface Gi7/0/0.1242 is still up/up
2017-09-22 21:24:19,242 - PASSED! Interface Gi7/0/0.1279 is still down/deleted
2017-09-22 21:24:19,244 - PASSED! Interface Gi7/0/0.1618 is still up/up
2017-09-22 21:24:19,245 - PASSED! Interface Gi7/0/0.1640 is still down/deleted
2017-09-22 21:24:19,247 - PASSED! Interface Gi7/0/0.1685 is still up/up
2017-09-22 21:24:19,249 - PASSED! Interface Gi7/0/0.1825 is still up/up
2017-09-22 21:24:19,250 - PASSED! Interface Gi7/0/0.4000 is still down/deleted
2017-09-22 21:24:19,252 - PASSED! Interface GigabitEthernet7/0/1 is still up/up
2017-09-22 21:24:19,254 - PASSED! Interface Gi7/0/1.1228 is still up/up
2017-09-22 21:24:19,256 - PASSED! Interface Gi7/0/1.1493 is still up/up
2017-09-22 21:24:19,258 - PASSED! Interface Gi7/0/1.1494 is still up/up
2017-09-22 21:24:19,259 - PASSED! Interface Gi7/0/1.1495 is still up/up
2017-09-22 21:24:19,261 - PASSED! Interface GigabitEthernet7/0/2 is still up/up
2017-09-22 21:24:19,263 - PASSED! Interface Gi7/0/2.310 is still up/up
2017-09-22 21:24:19,265 - PASSED! Interface Gi7/0/2.1330 is still up/up
2017-09-22 21:24:19,266 - PASSED! Interface Gi7/0/2.1331 is still up/up
2017-09-22 21:24:19,268 - PASSED! Interface GigabitEthernet7/0/3 is still up/up
2017-09-22 21:24:19,270 - PASSED! Interface Gi7/0/3.525 is still down/deleted
2017-09-22 21:24:19,272 - PASSED! Interface Gi7/0/3.527 is still up/up
2017-09-22 21:24:19,274 - PASSED! Interface Gi7/0/3.528 is still up/up
2017-09-22 21:24:19,275 - PASSED! Interface GigabitEthernet7/0/4 is still up/up
2017-09-22 21:24:19,277 - PASSED! Interface Gi7/0/4.211 is still up/up
2017-09-22 21:24:19,279 - PASSED! Interface Gi7/0/4.212 is still down/deleted
2017-09-22 21:24:19,281 - PASSED! Interface Gi7/0/4.310 is still up/up
2017-09-22 21:24:19,282 - PASSED! Interface Gi7/0/4.525 is still down/deleted
2017-09-22 21:24:19,284 - PASSED! Interface Gi7/0/4.526 is still down/deleted
2017-09-22 21:24:19,286 - PASSED! Interface Gi7/0/4.627 is still down/deleted
2017-09-22 21:24:19,288 - PASSED! Interface Gi7/0/4.637 is still up/up
2017-09-22 21:24:19,289 - PASSED! Interface Gi7/0/4.725 is still up/up
2017-09-22 21:24:19,291 - PASSED! Interface Gi7/0/4.766 is still up/up
2017-09-22 21:24:19,293 - PASSED! Interface Vlan1 is still down/down
2017-09-22 21:24:19,295 - PASSED! Interface Vlan122 is still down/down
2017-09-22 21:24:19,297 - PASSED! Interface Vlan310 is still up/up
2017-09-22 21:24:19,299 - PASSED! Interface Vlan513 is still down/down
2017-09-22 21:24:19,302 - PASSED! Interface Vlan593 is still up/up
2017-09-22 21:24:19,304 - PASSED! Interface Vlan724 is still up/up
2017-09-22 21:24:19,308 - PASSED! Interface Vlan890 is still up/up
2017-09-22 21:24:19,311 - PASSED! Interface Vlan891 is still up/up
2017-09-22 21:24:19,313 - PASSED! Interface Vlan892 is still up/up
2017-09-22 21:24:19,315 - PASSED! Interface Vlan1100 is still up/up
2017-09-22 21:24:19,317 - PASSED! Interface Vlan1122 is still up/up
2017-09-22 21:24:19,319 - PASSED! Interface Vlan1207 is still up/up
2017-09-22 21:24:19,320 - PASSED! Interface Vlan1243 is still up/up
2017-09-22 21:24:19,323 - PASSED! Interface Vlan1249 is still down/down
2017-09-22 21:24:19,325 - PASSED! Interface Vlan1269 is still up/up
2017-09-22 21:24:19,327 - PASSED! Interface Vlan1325 is still up/up
2017-09-22 21:24:19,330 - PASSED! Interface Vlan1335 is still up/up
2017-09-22 21:24:19,332 - PASSED! Interface Vlan1622 is still up/up
2017-09-22 21:24:19,335 - PASSED! Interface Vlan1633 is still up/up
2017-09-22 21:24:19,338 - PASSED! Interface Vlan1636 is still up/up
2017-09-22 21:24:19,340 - PASSED! Interface Vlan4000 is still up/up
2017-09-22 21:24:19,342 - PASSED! Interface Loopback0 is still up/up
2017-09-22 21:24:19,344 - PASSED! Interface Loopback4543 is still up/up
2017-09-22 21:24:19,344 - FAIL! 355 tests passed, 2 tests failed!

2017-09-22 21:24:19,347 - ******** Command: show isis neighbor ********
2017-09-22 21:24:19,349 - PASSED! ISIS adj to agr01.lncl01-neL2 on Gi2/8 is still UP
2017-09-22 21:24:19,351 - PASSED! ISIS adj to agr02.lncl01-neL2 on Gi4/1 is still UP
2017-09-22 21:24:19,354 - FAILED! ISIS adj to pe03.lncl01-ne on L2 was 173.190.229.149 and is now null
2017-09-22 21:24:19,357 - FAILED! ISIS adj to pe05.lncl01-ne-L2 on Gi5/3 was UP and is now null
2017-09-22 21:24:19,357 - FAIL! 2 tests passed, 2 tests failed!

2017-09-22 21:24:19,360 - ******** Command: show mpls interface ********
2017-09-22 21:24:19,362 - PASSED! MPLS interface GigabitEthernet2/8 Operational status is still Yes
2017-09-22 21:24:19,364 - PASSED! MPLS interface GigabitEthernet5/1 Operational status is still No
2017-09-22 21:24:19,366 - PASSED! MPLS interface GigabitEthernet5/2 Operational status is still No
2017-09-22 21:24:19,368 - FAILED! MPLS interface GigabitEthernet5/3 Operational status was Yes and is now null
2017-09-22 21:24:19,369 - PASSED! MPLS interface GigabitEthernet6/1 Operational status is still No
2017-09-22 21:24:19,371 - PASSED! MPLS interface GigabitEthernet6/2 Operational status is still No
2017-09-22 21:24:19,374 - FAILED! MPLS interface GigabitEthernet6/3 Operational status was Yes and is now null
2017-09-22 21:24:19,376 - PASSED! MPLS interface GigabitEthernet4/1 Operational status is still Yes
2017-09-22 21:24:19,376 - FAIL! 6 tests passed, 2 tests failed!

2017-09-22 21:24:19,379 - ******** Command: show ip pim neighbor ********
2017-09-22 21:24:19,381 - PASSED! PIM interface GigabitEthernet2/8 still has neighbor 40.138.82.184
2017-09-22 21:24:19,382 - PASSED! PIM interface GigabitEthernet4/1 still has neighbor 40.138.82.186
2017-09-22 21:24:19,383 - PASS! All 2 tests passed!

2017-09-22 21:24:19,385 - ******** Command: show ip rsvp int ********
2017-09-22 21:24:19,387 - PASSED! RSVP interface Gi2/8 is still ena
2017-09-22 21:24:19,388 - PASSED! RSVP interface Gi4/1 is still ena
2017-09-22 21:24:19,389 - PASS! All 2 tests passed!

2017-09-22 21:24:19,391 - ******** Command: show xconnect all ********
2017-09-22 21:24:19,393 - PASSED! XCONNECT on Gi3/2.1326:1326(Eth to 69.66.3.253:584 is still UP
2017-09-22 21:24:19,396 - PASSED! XCONNECT on Gi2/3.1287:1287(Eth to 151.213.8.95:654 is still UP
2017-09-22 21:24:19,398 - PASSED! XCONNECT on Gi3/10.617:617(Eth to 151.213.8.102:136 is still DN
2017-09-22 21:24:19,400 - PASSED! XCONNECT on Gi3/8.618:618(Eth to 151.213.8.102:137 is still DN
2017-09-22 21:24:19,402 - PASSED! XCONNECT on Gi3/2.619:619(Eth to 151.213.8.102:138 is still DN
2017-09-22 21:24:19,404 - PASSED! XCONNECT on Gi2/6.754:754(Eth to 151.213.8.103:131 is still UP
2017-09-22 21:24:19,407 - PASSED! XCONNECT on Gi2/1.623:623(Eth to 151.213.8.103:142 is still UP
2017-09-22 21:24:19,410 - PASSED! XCONNECT on Gi3/2.814:814(Eth to 151.213.8.103:264 is still UP
2017-09-22 21:24:19,412 - PASSED! XCONNECT on Gi2/2.999:999(Eth to 151.213.8.103:304 is still UP
2017-09-22 21:24:19,414 - PASSED! XCONNECT on Gi3/2.1324:1324(Eth to 151.213.8.103:417 is still UP
2017-09-22 21:24:19,416 - PASSED! XCONNECT on Gi2/2.1619:1619(Eth to 151.213.8.103:515 is still UP
2017-09-22 21:24:19,418 - PASSED! XCONNECT on Gi3/2.1411:1411(Eth to 151.213.8.103:595 is still UP
2017-09-22 21:24:19,420 - PASSED! XCONNECT on Gi7/0/0.1685:1685(Eth to 151.213.8.103:666 is still UP
2017-09-22 21:24:19,421 - PASSED! XCONNECT on Gi7/0/0.928:928(Eth to 151.213.8.103:928 is still UP
2017-09-22 21:24:19,423 - PASSED! XCONNECT on Gi1/1/2.205:205(Eth to 151.213.8.103:1205 is still UP
2017-09-22 21:24:19,425 - PASSED! XCONNECT on Gi1/2/2.525:525(Eth to 151.213.8.113:525 is still UP
2017-09-22 21:24:19,427 - PASSED! XCONNECT on Gi1/2/2.526:526(Eth to 151.213.8.113:526 is still UP
2017-09-22 21:24:19,429 - PASSED! XCONNECT on Gi2/3.1535:1535(Eth to 151.213.14.6:1535 is still UP
2017-09-22 21:24:19,432 - PASSED! XCONNECT on Gi7/0/0.828:828(Eth to 166.82.199.4:748 is still UP
2017-09-22 21:24:19,433 - PASSED! XCONNECT on Gi1/2/2.997:997(Eth to 166.82.199.4:997 is still UP
2017-09-22 21:24:19,435 - PASSED! XCONNECT on Gi7/0/0.741:1550(Eth to 166.82.199.5:741 is still UP
2017-09-22 21:24:19,437 - PASSED! XCONNECT on Gi7/0/4.725:725(Eth to 166.82.199.5:801 is still UP
2017-09-22 21:24:19,437 - PASS! All 22 tests passed!

2017-09-22 21:24:19,437 - ******** Command: show run ********
2017-09-22 21:24:19,464 - FAILED! pe01.nbcy01-ne configuation changed ('-v' to view)

2017-09-22 21:24:19,465 - ******** Testing ping commands ********
2017-09-22 21:24:19,465 - PASSED! ping vrf vrf-dnoc-mpls-test 151.213.13.251 100% success before and after
2017-09-22 21:24:19,465 - PASSED! ping vrf vrf-dnoc-mpls-test 40.132.48.13 100% success before and after
2017-09-22 21:24:19,465 - PASSED! ping vrf vrf-dnoc-mpls-test 40.132.48.14 100% success before and after
2017-09-22 21:24:19,465 - PASSED! ping 2607:fec0::7eb source lo0 100% success before and after
2017-09-22 21:24:19,466 - PASSED! ping vrf vrf-dnoc-mpls-test 151.213.14.4 100% success before and after
2017-09-22 21:24:19,466 - PASSED! ping vrf vrf-dnoc-mpls-test 151.213.14.3 100% success before and after
2017-09-22 21:24:19,466 - PASSED! ping 2607:fec0::997 source lo0 100% success before and after
2017-09-22 21:24:19,466 - PASSED! ping 2001:4860:4860::8844 source lo0 0% success before and after
2017-09-22 21:24:19,466 - PASSED! ping 2607:fec0::83a source lo0 100% success before and after
2017-09-22 21:24:19,466 - PASSED! ping 2001:4860:4860::8888 source lo0 0% success before and after
2017-09-22 21:24:19,466 - PASSED! ping 2607:fec0::962 source lo0 100% success before and after
2017-09-22 21:24:19,466 - PASSED! ping vrf vrf-dnoc-mpls-test 151.213.14.133 100% success before and after
2017-09-22 21:24:19,466 - PASSED! ping vrf vrf-dnoc-mpls-test 151.213.14.132 100% success before and after
2017-09-22 21:24:19,466 - PASSED! ping vrf vrf-dnoc-mpls-test 151.213.14.136 100% success before and after
2017-09-22 21:24:19,467 - PASSED! ping vrf vrf-dnoc-mpls-test 151.213.14.138 100% success before and after
2017-09-22 21:24:19,467 - PASSED! ping 40.139.19.1 100% success before and after
2017-09-22 21:24:19,467 - PASSED! ping 40.139.19.0 100% success before and after
2017-09-22 21:24:19,467 - PASSED! ping 2607:fec0::998 source lo0 100% success before and after
2017-09-22 21:24:19,467 - PASSED! ping 8.8.4.4 100% success before and after
2017-09-22 21:24:19,467 - PASSED! ping 2607:fec0::1fb source lo0 100% success before and after
2017-09-22 21:24:19,467 - PASSED! ping 2607:fec0::7c5 source lo0 100% success before and after
2017-09-22 21:24:19,467 - PASSED! ping 2607:fec0::894 source lo0 100% success before and after
2017-09-22 21:24:19,467 - PASSED! ping 4.2.2.2 100% success before and after
2017-09-22 21:24:19,467 - PASSED! ping 151.213.36.15 100% success before and after
2017-09-22 21:24:19,467 - PASSED! ping 2607:fec0::1f4 source lo0 100% success before and after
2017-09-22 21:24:19,468 - PASSED! ping vrf vrf-dnoc-mpls-test 151.213.14.85 100% success before and after
2017-09-22 21:24:19,468 - PASSED! ping 2607:fec0::7fc source lo0 100% success before and after
2017-09-22 21:24:19,468 - PASSED! ping 2607:fec0::7fb source lo0 100% success before and after
2017-09-22 21:24:19,468 - PASSED! ping 40.129.35.187 100% success before and after
2017-09-22 21:24:19,468 - PASSED! ping vrf vrf-dnoc-mpls-test 40.139.19.39 100% success before and after
2017-09-22 21:24:19,468 - PASSED! ping 2607:fec0::988 source lo0 100% success before and after
2017-09-22 21:24:19,468 - PASSED! ping 2607:fec0::7fd source lo0 100% success before and after
2017-09-22 21:24:19,468 - PASSED! ping vrf vrf-dnoc-mpls-test 151.213.13.249 100% success before and after
2017-09-22 21:24:19,469 - PASSED! ping 151.213.36.14 100% success before and after
2017-09-22 21:24:19,469 - PASSED! ping vrf vrf-dnoc-mpls-test 151.213.14.84 100% success before and after
2017-09-22 21:24:19,469 - PASSED! ping 2607:fec0::963 source lo0 100% success before and after
2017-09-22 21:24:19,469 - PASSED! ping vrf vrf-dnoc-mpls-test 40.139.19.3 100% success before and after
2017-09-22 21:24:19,469 - PASSED! ping vrf vrf-dnoc-mpls-test 40.139.19.2 100% success before and after
2017-09-22 21:24:19,469 - PASSED! ping 40.129.37.42 100% success before and after
2017-09-22 21:24:19,469 - PASSED! ping 2607:fec0::1fa source lo0 100% success before and after
2017-09-22 21:24:19,469 - PASSED! ping 2607:fec0::839 source lo0 100% success before and after
2017-09-22 21:24:19,469 - PASSED! ping 2607:fec0::895 source lo0 100% success before and after
2017-09-22 21:24:19,470 - PASSED! ping vrf vrf-dnoc-mpls-test 40.139.19.38 100% success before and after
2017-09-22 21:24:19,470 - PASSED! ping 40.132.48.7 100% success before and after
2017-09-22 21:24:19,470 - PASSED! ping vrf vrf-dnoc-mpls-test 40.129.37.43 100% success before and after
2017-09-22 21:24:19,470 - PASSED! ping 40.139.19.36 100% success before and after
2017-09-22 21:24:19,470 - PASSED! ping 40.139.19.37 100% success before and after
2017-09-22 21:24:19,470 - PASSED! ping vrf vrf-dnoc-mpls-test 151.213.14.56 100% success before and after
2017-09-22 21:24:19,470 - PASSED! ping vrf vrf-dnoc-mpls-test 151.213.14.55 100% success before and after
2017-09-22 21:24:19,470 - PASSED! ping 151.213.14.53 100% success before and after
2017-09-22 21:24:19,470 - PASSED! ping 151.213.8.123 100% success before and after
2017-09-22 21:24:19,470 - PASSED! ping 151.213.8.124 100% success before and after
2017-09-22 21:24:19,470 - PASSED! ping 151.213.14.54 100% success before and after
2017-09-22 21:24:19,471 - PASSED! ping vrf vrf-dnoc-mpls-test 151.213.8.126 100% success before and after
2017-09-22 21:24:19,471 - PASSED! ping vrf vrf-dnoc-mpls-test 151.213.8.125 100% success before and after
2017-09-22 21:24:19,471 - PASSED! ping vrf vrf-dnoc-mpls-test 151.213.36.16 100% success before and after
2017-09-22 21:24:19,471 - PASSED! ping 2607:fec0::1f5 source lo0 100% success before and after
2017-09-22 21:24:19,471 - PASSED! ping 151.213.14.2 100% success before and after
2017-09-22 21:24:19,471 - PASSED! ping 151.213.14.1 100% success before and after
2017-09-22 21:24:19,472 - PASSED! ping 2607:fec0:c000:1::1c source lo0 100% success before and after
2017-09-22 21:24:19,472 - PASSED! ping 2607:fec0::987 source lo0 100% success before and after
2017-09-22 21:24:19,472 - PASSED! ping vrf vrf-dnoc-mpls-test 151.213.36.17 100% success before and after
2017-09-22 21:24:19,472 - PASSED! ping 40.132.48.12 100% success before and after
2017-09-22 21:24:19,472 - PASSED! ping 2607:fec0::7ec source lo0 100% success before and after
2017-09-22 21:24:19,472 - PASSED! ping vrf vrf-dnoc-mpls-test 169.130.64.133 100% success before and after
2017-09-22 21:24:19,472 - PASSED! ping vrf vrf-dnoc-mpls-test 169.130.64.132 100% success before and after
2017-09-22 21:24:19,472 - PASSED! ping 169.130.64.131 100% success before and after
2017-09-22 21:24:19,472 - PASSED! ping 169.130.64.130 100% success before and after
2017-09-22 21:24:19,472 - PASSED! ping 2607:fec0::7fa source lo0 100% success before and after
2017-09-22 21:24:19,472 - PASSED! ping 151.213.14.80 100% success before and after
2017-09-22 21:24:19,472 - PASSED! ping 151.213.14.81 100% success before and after
2017-09-22 21:24:19,472 - PASSED! ping 151.213.14.82 100% success before and after
2017-09-22 21:24:19,472 - PASSED! ping 151.213.14.83 100% success before and after
2017-09-22 21:24:19,473 - PASSED! ping 2607:fec0::800 source lo0 100% success before and after
2017-09-22 21:24:19,473 - PASSED! ping 151.213.14.131 100% success before and after
2017-09-22 21:24:19,473 - PASSED! ping 151.213.14.130 100% success before and after
2017-09-22 21:24:19,473 - PASSED! ping 151.213.14.135 100% success before and after
2017-09-22 21:24:19,473 - PASSED! ping 151.213.14.134 100% success before and after
2017-09-22 21:24:19,473 - PASSED! ping 2607:fec0::801 source lo0 100% success before and after
2017-09-22 21:24:19,473 - PASSED! ping vrf vrf-dnoc-mpls-test 40.129.37.92 100% success before and after
2017-09-22 21:24:19,473 - PASSED! ping 2607:fec0:c000:1::1d source lo0 100% success before and after
2017-09-22 21:24:19,473 - PASSED! ping 8.8.8.8 100% success before and after
2017-09-22 21:24:19,473 - PASSED! ping 2607:fec0::7c4 source lo0 100% success before and after
2017-09-22 21:24:19,473 - PASS! 83 ping checks passed! (0 skipped) 

2017-09-22 21:24:43,102 - 

Running pe01.nbcy01-ne
2017-09-22 21:24:43,102 - ------------------------
2017-09-22 21:24:43,138 - ******** Command: show ip bgp all summary ********
2017-09-22 21:24:43,141 - PASSED! BGP neighbor 40.135.10.74 routes/status is still 0
2017-09-22 21:24:43,142 - PASSED! BGP neighbor 40.135.98.98 routes/status is still 0
2017-09-22 21:24:43,144 - PASSED! BGP neighbor 40.135.128.34 routes/status is still 0
2017-09-22 21:24:43,145 - FAILED! BGP neighbor 40.135.128.38 routes/status was Idle and is now Closing
2017-09-22 21:24:43,147 - PASSED! BGP neighbor 40.135.140.62 routes/status is still Idle
2017-09-22 21:24:43,149 - PASSED! BGP neighbor 40.135.141.142 routes/status is still 0
2017-09-22 21:24:43,151 - PASSED! BGP neighbor 71.7.34.2 routes/status is still Idle
2017-09-22 21:24:43,153 - PASSED! BGP neighbor 139.55.217.170 routes/status is still 0
2017-09-22 21:24:43,155 - FAILED! BGP neighbor 166.82.199.204 routes/status was 28304 and is now 28306
2017-09-22 21:24:43,157 - FAILED! BGP neighbor 166.82.199.205 routes/status was 28302 and is now 28305
2017-09-22 21:24:43,158 - PASSED! BGP neighbor 2607:FEC0::8DE routes/status is still 220
2017-09-22 21:24:43,159 - PASSED! BGP neighbor 2607:FEC0::8DF routes/status is still 218
2017-09-22 21:24:43,161 - PASSED! BGP neighbor 172.16.0.38 routes/status is still 2
2017-09-22 21:24:43,162 - PASSED! BGP neighbor 172.16.0.46 routes/status is still 2
2017-09-22 21:24:43,164 - PASSED! BGP neighbor 172.16.0.50 routes/status is still 2
2017-09-22 21:24:43,165 - PASSED! BGP neighbor 172.26.9.14 routes/status is still 9
2017-09-22 21:24:43,166 - PASSED! BGP neighbor 172.16.5.2 routes/status is still 5
2017-09-22 21:24:43,167 - PASSED! BGP neighbor 172.16.15.2 routes/status is still 5
2017-09-22 21:24:43,168 - PASSED! BGP neighbor 172.16.19.2 routes/status is still 8
2017-09-22 21:24:43,170 - FAILED! BGP neighbor 172.16.25.2 routes/status was Idle and is now Active
2017-09-22 21:24:43,171 - PASSED! BGP neighbor 172.16.36.2 routes/status is still 5
2017-09-22 21:24:43,172 - PASSED! BGP neighbor 172.16.0.2 routes/status is still Active
2017-09-22 21:24:43,173 - PASSED! BGP neighbor 172.16.0.10 routes/status is still 2
2017-09-22 21:24:43,175 - PASSED! BGP neighbor 172.16.0.14 routes/status is still 7
2017-09-22 21:24:43,176 - PASSED! BGP neighbor 172.16.0.26 routes/status is still Active
2017-09-22 21:24:43,177 - PASSED! BGP neighbor 10.0.1.22 routes/status is still 16
2017-09-22 21:24:43,178 - PASSED! BGP neighbor 10.0.1.58 routes/status is still 3
2017-09-22 21:24:43,181 - FAILED! BGP neighbor 10.0.1.150 routes/status was Idle and is now Active
2017-09-22 21:24:43,183 - PASSED! BGP neighbor 10.0.1.154 routes/status is still 3
2017-09-22 21:24:43,185 - PASSED! BGP neighbor 10.0.1.158 routes/status is still Active
2017-09-22 21:24:43,186 - PASSED! BGP neighbor 10.0.1.174 routes/status is still 3
2017-09-22 21:24:43,187 - PASSED! BGP neighbor 10.0.1.242 routes/status is still 3
2017-09-22 21:24:43,188 - PASSED! BGP neighbor 172.16.31.17 routes/status is still Idle
2017-09-22 21:24:43,190 - PASSED! BGP neighbor 192.168.30.10 routes/status is still 2
2017-09-22 21:24:43,191 - PASSED! BGP neighbor 192.168.30.18 routes/status is still 2
2017-09-22 21:24:43,193 - PASSED! BGP neighbor 192.168.30.30 routes/status is still 2
2017-09-22 21:24:43,194 - PASSED! BGP neighbor 172.168.10.2 routes/status is still Idle
2017-09-22 21:24:43,196 - PASSED! BGP neighbor 172.168.20.2 routes/status is still 3
2017-09-22 21:24:43,197 - PASSED! BGP neighbor 172.168.30.2 routes/status is still Idle
2017-09-22 21:24:43,198 - PASSED! BGP neighbor 172.168.50.2 routes/status is still Idle
2017-09-22 21:24:43,199 - PASSED! BGP neighbor 192.168.123.2 routes/status is still Idle
2017-09-22 21:24:43,201 - PASSED! BGP neighbor 192.168.124.2 routes/status is still Idle
2017-09-22 21:24:43,202 - FAILED! BGP neighbor 151.213.14.143 routes/status was 18960 and is now 18959
2017-09-22 21:24:43,203 - FAILED! BGP neighbor 151.213.14.144 routes/status was 18963 and is now 18962
2017-09-22 21:24:43,205 - PASSED! BGP neighbor 151.213.14.143 routes/status is still 0
2017-09-22 21:24:43,206 - PASSED! BGP neighbor 151.213.14.144 routes/status is still 0
2017-09-22 21:24:43,206 - FAIL! 39 tests passed, 7 tests failed!

2017-09-22 21:24:43,208 - ******** Command: show ip interface brief | e Vi ********
2017-09-22 21:24:43,211 - PASSED! Interface GigabitEthernet1/1/0 is still up/up
2017-09-22 21:24:43,213 - PASSED! Interface Gi1/1/0.310 is still up/up
2017-09-22 21:24:43,215 - PASSED! Interface Gi1/1/0.525 is still up/up
2017-09-22 21:24:43,217 - PASSED! Interface Gi1/1/0.1000 is still up/up
2017-09-22 21:24:43,218 - PASSED! Interface Gi1/1/0.1229 is still up/up
2017-09-22 21:24:43,220 - PASSED! Interface Gi1/1/0.1230 is still up/up
2017-09-22 21:24:43,222 - PASSED! Interface Gi1/1/0.1231 is still down/deleted
2017-09-22 21:24:43,223 - PASSED! Interface Gi1/1/0.1232 is still down/deleted
2017-09-22 21:24:43,225 - PASSED! Interface Gi1/1/0.1251 is still down/deleted
2017-09-22 21:24:43,226 - PASSED! Interface Gi1/1/0.1252 is still up/up
2017-09-22 21:24:43,228 - PASSED! Interface Gi1/1/0.1257 is still down/deleted
2017-09-22 21:24:43,230 - PASSED! Interface Gi1/1/0.1258 is still down/deleted
2017-09-22 21:24:43,232 - PASSED! Interface Gi1/1/0.1262 is still up/up
2017-09-22 21:24:43,233 - PASSED! Interface Gi1/1/0.1270 is still up/up
2017-09-22 21:24:43,235 - PASSED! Interface Gi1/1/0.1282 is still down/deleted
2017-09-22 21:24:43,236 - PASSED! Interface Gi1/1/0.1461 is still up/up
2017-09-22 21:24:43,238 - PASSED! Interface Gi1/1/0.1486 is still down/deleted
2017-09-22 21:24:43,239 - PASSED! Interface Gi1/1/0.1814 is still up/up
2017-09-22 21:24:43,240 - PASSED! Interface Gi1/1/0.1815 is still up/up
2017-09-22 21:24:43,242 - PASSED! Interface GigabitEthernet1/1/1 is still down/down
2017-09-22 21:24:43,244 - PASSED! Interface GigabitEthernet1/1/2 is still up/up
2017-09-22 21:24:43,246 - PASSED! Interface GigabitEthernet1/1/2.3 is still up/up
2017-09-22 21:24:43,248 - PASSED! Interface Gi1/1/2.205 is still up/up
2017-09-22 21:24:43,249 - PASSED! Interface Gi1/1/2.1221 is still up/up
2017-09-22 21:24:43,251 - PASSED! Interface Gi1/1/2.1222 is still up/up
2017-09-22 21:24:43,252 - PASSED! Interface Gi1/1/2.1244 is still up/up
2017-09-22 21:24:43,254 - PASSED! Interface Gi1/1/2.1250 is still down/deleted
2017-09-22 21:24:43,256 - PASSED! Interface Gi1/1/2.1271 is still down/deleted
2017-09-22 21:24:43,257 - PASSED! Interface Gi1/1/2.1273 is still up/up
2017-09-22 21:24:43,259 - PASSED! Interface Gi1/1/2.1274 is still up/up
2017-09-22 21:24:43,260 - PASSED! Interface Gi1/1/2.1280 is still up/up
2017-09-22 21:24:43,262 - PASSED! Interface Gi1/1/2.1281 is still up/up
2017-09-22 21:24:43,263 - PASSED! Interface Gi1/1/2.1283 is still up/up
2017-09-22 21:24:43,265 - PASSED! Interface Gi1/1/2.1284 is still up/up
2017-09-22 21:24:43,266 - PASSED! Interface Gi1/1/2.2033 is still up/up
2017-09-22 21:24:43,268 - PASSED! Interface GigabitEthernet1/1/3 is still up/up
2017-09-22 21:24:43,269 - PASSED! Interface Gi1/1/3.600 is still down/deleted
2017-09-22 21:24:43,270 - PASSED! Interface Gi1/1/3.775 is still down/deleted
2017-09-22 21:24:43,272 - PASSED! Interface Gi1/1/3.782 is still down/deleted
2017-09-22 21:24:43,273 - PASSED! Interface Gi1/1/3.805 is still down/deleted
2017-09-22 21:24:43,276 - PASSED! Interface Gi1/1/3.986 is still down/deleted
2017-09-22 21:24:43,278 - PASSED! Interface Gi1/1/3.1064 is still down/deleted
2017-09-22 21:24:43,279 - PASSED! Interface Gi1/1/3.1084 is still down/deleted
2017-09-22 21:24:43,281 - PASSED! Interface Gi1/1/3.1201 is still down/deleted
2017-09-22 21:24:43,282 - PASSED! Interface Gi1/1/3.1202 is still down/deleted
2017-09-22 21:24:43,284 - PASSED! Interface Gi1/1/3.1205 is still down/deleted
2017-09-22 21:24:43,286 - PASSED! Interface Gi1/1/3.1209 is still down/deleted
2017-09-22 21:24:43,287 - PASSED! Interface Gi1/1/3.1210 is still down/deleted
2017-09-22 21:24:43,289 - PASSED! Interface Gi1/1/3.1218 is still down/deleted
2017-09-22 21:24:43,290 - PASSED! Interface Gi1/1/3.1219 is still down/deleted
2017-09-22 21:24:43,291 - PASSED! Interface Gi1/1/3.1222 is still down/deleted
2017-09-22 21:24:43,293 - PASSED! Interface Gi1/1/3.1224 is still down/deleted
2017-09-22 21:24:43,294 - PASSED! Interface Gi1/1/3.1233 is still down/deleted
2017-09-22 21:24:43,296 - PASSED! Interface Gi1/1/3.1238 is still down/deleted
2017-09-22 21:24:43,297 - PASSED! Interface Gi1/1/3.1240 is still down/deleted
2017-09-22 21:24:43,299 - PASSED! Interface Gi1/1/3.1263 is still down/deleted
2017-09-22 21:24:43,300 - PASSED! Interface Gi1/1/3.1267 is still down/deleted
2017-09-22 21:24:43,301 - PASSED! Interface Gi1/1/3.1268 is still down/deleted
2017-09-22 21:24:43,303 - PASSED! Interface Gi1/1/3.1288 is still down/deleted
2017-09-22 21:24:43,304 - PASSED! Interface Gi1/1/3.1289 is still down/deleted
2017-09-22 21:24:43,306 - PASSED! Interface Gi1/1/3.1290 is still down/deleted
2017-09-22 21:24:43,309 - PASSED! Interface Gi1/1/3.1291 is still down/deleted
2017-09-22 21:24:43,310 - PASSED! Interface Gi1/1/3.1292 is still down/deleted
2017-09-22 21:24:43,312 - PASSED! Interface Gi1/1/3.1300 is still down/deleted
2017-09-22 21:24:43,314 - PASSED! Interface Gi1/1/3.1301 is still down/deleted
2017-09-22 21:24:43,315 - PASSED! Interface Gi1/1/3.1322 is still down/deleted
2017-09-22 21:24:43,317 - PASSED! Interface Gi1/1/3.1327 is still down/deleted
2017-09-22 21:24:43,319 - PASSED! Interface Gi1/1/3.1433 is still down/deleted
2017-09-22 21:24:43,320 - PASSED! Interface Gi1/1/3.1489 is still down/deleted
2017-09-22 21:24:43,322 - PASSED! Interface Gi1/1/3.1490 is still down/deleted
2017-09-22 21:24:43,323 - PASSED! Interface Gi1/1/3.1491 is still down/deleted
2017-09-22 21:24:43,325 - PASSED! Interface Gi1/1/3.1492 is still down/deleted
2017-09-22 21:24:43,326 - PASSED! Interface Gi1/1/3.1620 is still down/deleted
2017-09-22 21:24:43,327 - PASSED! Interface Gi1/1/3.1621 is still down/deleted
2017-09-22 21:24:43,329 - PASSED! Interface Gi1/1/3.1801 is still down/deleted
2017-09-22 21:24:43,330 - PASSED! Interface Gi1/1/3.1802 is still down/deleted
2017-09-22 21:24:43,332 - PASSED! Interface Gi1/1/3.1864 is still down/deleted
2017-09-22 21:24:43,333 - PASSED! Interface Gi1/1/3.1865 is still down/deleted
2017-09-22 21:24:43,334 - PASSED! Interface GigabitEthernet1/1/4 is still up/up
2017-09-22 21:24:43,336 - PASSED! Interface GigabitEthernet1/1/4.2 is still up/up
2017-09-22 21:24:43,338 - PASSED! Interface Gi1/1/4.310 is still up/up
2017-09-22 21:24:43,340 - PASSED! Interface Gi1/1/4.503 is still down/deleted
2017-09-22 21:24:43,342 - PASSED! Interface Gi1/1/4.504 is still down/deleted
2017-09-22 21:24:43,343 - PASSED! Interface Gi1/1/4.506 is still down/deleted
2017-09-22 21:24:43,345 - PASSED! Interface Gi1/1/4.507 is still down/deleted
2017-09-22 21:24:43,347 - PASSED! Interface Gi1/1/4.519 is still up/up
2017-09-22 21:24:43,348 - PASSED! Interface Gi1/1/4.520 is still up/up
2017-09-22 21:24:43,350 - PASSED! Interface Gi1/1/4.639 is still up/up
2017-09-22 21:24:43,351 - PASSED! Interface Gi1/1/4.651 is still down/deleted
2017-09-22 21:24:43,353 - PASSED! Interface Gi1/1/4.670 is still up/up
2017-09-22 21:24:43,354 - PASSED! Interface Gi1/1/4.1228 is still down/deleted
2017-09-22 21:24:43,356 - PASSED! Interface GigabitEthernet1/2/0 is still up/up
2017-09-22 21:24:43,357 - PASSED! Interface Gi1/2/0.310 is still up/up
2017-09-22 21:24:43,359 - PASSED! Interface Gi1/2/0.527 is still up/up
2017-09-22 21:24:43,360 - PASSED! Interface Gi1/2/0.528 is still down/deleted
2017-09-22 21:24:43,361 - PASSED! Interface Gi1/2/0.1200 is still up/up
2017-09-22 21:24:43,363 - PASSED! Interface Gi1/2/0.1206 is still up/up
2017-09-22 21:24:43,364 - PASSED! Interface Gi1/2/0.1212 is still up/up
2017-09-22 21:24:43,366 - PASSED! Interface Gi1/2/0.1213 is still up/up
2017-09-22 21:24:43,367 - PASSED! Interface Gi1/2/0.1214 is still up/up
2017-09-22 21:24:43,368 - PASSED! Interface Gi1/2/0.1215 is still up/up
2017-09-22 21:24:43,370 - PASSED! Interface Gi1/2/0.1216 is still up/up
2017-09-22 21:24:43,373 - PASSED! Interface Gi1/2/0.1217 is still down/deleted
2017-09-22 21:24:43,375 - PASSED! Interface Gi1/2/0.1221 is still up/up
2017-09-22 21:24:43,376 - PASSED! Interface Gi1/2/0.1225 is still down/down
2017-09-22 21:24:43,378 - PASSED! Interface Gi1/2/0.1226 is still up/up
2017-09-22 21:24:43,379 - PASSED! Interface Gi1/2/0.1254 is still down/deleted
2017-09-22 21:24:43,381 - PASSED! Interface Gi1/2/0.1260 is still down/deleted
2017-09-22 21:24:43,383 - PASSED! Interface Gi1/2/0.1272 is still up/up
2017-09-22 21:24:43,384 - PASSED! Interface Gi1/2/0.1275 is still up/up
2017-09-22 21:24:43,386 - PASSED! Interface Gi1/2/0.2031 is still down/deleted
2017-09-22 21:24:43,387 - PASSED! Interface Gi1/2/0.2032 is still up/up
2017-09-22 21:24:43,389 - PASSED! Interface GigabitEthernet1/2/1 is still up/up
2017-09-22 21:24:43,390 - PASSED! Interface Gi1/2/1.2031 is still down/deleted
2017-09-22 21:24:43,391 - PASSED! Interface GigabitEthernet1/2/2 is still up/up
2017-09-22 21:24:43,393 - PASSED! Interface Gi1/2/2.310 is still up/up
2017-09-22 21:24:43,394 - PASSED! Interface Gi1/2/2.506 is still down/deleted
2017-09-22 21:24:43,396 - PASSED! Interface Gi1/2/2.507 is still down/deleted
2017-09-22 21:24:43,397 - PASSED! Interface Gi1/2/2.525 is still up/up
2017-09-22 21:24:43,399 - PASSED! Interface Gi1/2/2.526 is still up/up
2017-09-22 21:24:43,400 - PASSED! Interface Gi1/2/2.997 is still up/up
2017-09-22 21:24:43,402 - PASSED! Interface Gi1/2/2.1236 is still up/up
2017-09-22 21:24:43,405 - PASSED! Interface Gi1/2/2.1244 is still up/up
2017-09-22 21:24:43,406 - PASSED! Interface Gi1/2/2.1245 is still down/down
2017-09-22 21:24:43,408 - PASSED! Interface Gi1/2/2.1260 is still up/up
2017-09-22 21:24:43,409 - PASSED! Interface Gi1/2/2.1265 is still up/up
2017-09-22 21:24:43,411 - PASSED! Interface Gi1/2/2.1266 is still up/up
2017-09-22 21:24:43,413 - PASSED! Interface Gi1/2/2.1271 is still down/deleted
2017-09-22 21:24:43,415 - PASSED! Interface Gi1/2/2.1276 is still up/up
2017-09-22 21:24:43,416 - PASSED! Interface Gi1/2/2.1285 is still up/up
2017-09-22 21:24:43,418 - PASSED! Interface Gi1/2/2.1812 is still up/up
2017-09-22 21:24:43,419 - PASSED! Interface Gi1/2/2.1813 is still up/up
2017-09-22 21:24:43,420 - PASSED! Interface Gi1/2/2.2031 is still up/up
2017-09-22 21:24:43,422 - PASSED! Interface GigabitEthernet1/2/3 is still up/up
2017-09-22 21:24:43,423 - PASSED! Interface Gi1/2/3.310 is still up/up
2017-09-22 21:24:43,425 - PASSED! Interface Gi1/2/3.1225 is still up/up
2017-09-22 21:24:43,426 - PASSED! Interface Gi1/2/3.1246 is still up/up
2017-09-22 21:24:43,428 - PASSED! Interface Gi1/2/3.1263 is still down/deleted
2017-09-22 21:24:43,429 - PASSED! Interface Gi1/2/3.1278 is still up/up
2017-09-22 21:24:43,431 - PASSED! Interface GigabitEthernet1/2/4 is still down/up
2017-09-22 21:24:43,433 - PASSED! Interface Gi1/2/4.310 is still down/up
2017-09-22 21:24:43,435 - PASSED! Interface Gi1/2/4.1248 is still down/up
2017-09-22 21:24:43,437 - PASSED! Interface GigabitEthernet2/1 is still up/up
2017-09-22 21:24:43,438 - PASSED! Interface GigabitEthernet2/1.623 is still up/up
2017-09-22 21:24:43,440 - PASSED! Interface GigabitEthernet2/1.624 is still up/up
2017-09-22 21:24:43,442 - PASSED! Interface GigabitEthernet2/2 is still up/up
2017-09-22 21:24:43,443 - PASSED! Interface GigabitEthernet2/2.999 is still up/up
2017-09-22 21:24:43,445 - PASSED! Interface Gi2/2.1619 is still up/up
2017-09-22 21:24:43,446 - PASSED! Interface Gi2/2.1622 is still down/deleted
2017-09-22 21:24:43,448 - PASSED! Interface GigabitEthernet2/3 is still up/up
2017-09-22 21:24:43,450 - PASSED! Interface Gi2/3.1286 is still down/deleted
2017-09-22 21:24:43,451 - PASSED! Interface Gi2/3.1287 is still up/up
2017-09-22 21:24:43,452 - PASSED! Interface Gi2/3.1535 is still up/up
2017-09-22 21:24:43,454 - PASSED! Interface GigabitEthernet2/4 is still up/up
2017-09-22 21:24:43,455 - PASSED! Interface Gi2/4.1279 is still down/deleted
2017-09-22 21:24:43,457 - PASSED! Interface Gi2/4.1636 is still down/deleted
2017-09-22 21:24:43,458 - PASSED! Interface GigabitEthernet2/5 is still up/up
2017-09-22 21:24:43,460 - PASSED! Interface GigabitEthernet2/6 is still up/up
2017-09-22 21:24:43,461 - PASSED! Interface GigabitEthernet2/6.754 is still up/up
2017-09-22 21:24:43,462 - PASSED! Interface GigabitEthernet2/7 is still up/up
2017-09-22 21:24:43,464 - PASSED! Interface GigabitEthernet2/8 is still up/up
2017-09-22 21:24:43,466 - PASSED! Interface GigabitEthernet2/8.527 is still down/deleted
2017-09-22 21:24:43,469 - PASSED! Interface GigabitEthernet2/8.528 is still down/deleted
2017-09-22 21:24:43,470 - PASSED! Interface GigabitEthernet2/9 is still down/down
2017-09-22 21:24:43,472 - PASSED! Interface GigabitEthernet2/10 is still down/down
2017-09-22 21:24:43,473 - PASSED! Interface GigabitEthernet2/11 is still down/down
2017-09-22 21:24:43,475 - PASSED! Interface GigabitEthernet2/12 is still down/down
2017-09-22 21:24:43,477 - PASSED! Interface GigabitEthernet2/13 is still down/down
2017-09-22 21:24:43,478 - PASSED! Interface GigabitEthernet2/14 is still down/down
2017-09-22 21:24:43,480 - PASSED! Interface GigabitEthernet2/15 is still down/down
2017-09-22 21:24:43,482 - PASSED! Interface GigabitEthernet2/16 is still up/up
2017-09-22 21:24:43,483 - PASSED! Interface GigabitEthernet3/1 is still up/up
2017-09-22 21:24:43,484 - PASSED! Interface GigabitEthernet3/2 is still up/up
2017-09-22 21:24:43,486 - PASSED! Interface GigabitEthernet3/2.81 is still up/up
2017-09-22 21:24:43,487 - PASSED! Interface GigabitEthernet3/2.619 is still up/up
2017-09-22 21:24:43,489 - PASSED! Interface GigabitEthernet3/2.784 is still down/deleted
2017-09-22 21:24:43,490 - PASSED! Interface GigabitEthernet3/2.814 is still up/up
2017-09-22 21:24:43,492 - PASSED! Interface GigabitEthernet3/2.851 is still down/deleted
2017-09-22 21:24:43,493 - PASSED! Interface Gi3/2.1324 is still up/up
2017-09-22 21:24:43,495 - PASSED! Interface Gi3/2.1326 is still up/up
2017-09-22 21:24:43,496 - PASSED! Interface Gi3/2.1411 is still up/up
2017-09-22 21:24:43,499 - PASSED! Interface GigabitEthernet3/3 is still up/up
2017-09-22 21:24:43,501 - PASSED! Interface GigabitEthernet3/4 is still down/down
2017-09-22 21:24:43,502 - PASSED! Interface GigabitEthernet3/4.593 is still down/deleted
2017-09-22 21:24:43,504 - PASSED! Interface GigabitEthernet3/4.754 is still down/deleted
2017-09-22 21:24:43,505 - PASSED! Interface GigabitEthernet3/5 is still down/down
2017-09-22 21:24:43,507 - PASSED! Interface GigabitEthernet3/6 is still down/down
2017-09-22 21:24:43,509 - PASSED! Interface GigabitEthernet3/7 is still up/up
2017-09-22 21:24:43,510 - PASSED! Interface GigabitEthernet3/8 is still down/down
2017-09-22 21:24:43,512 - PASSED! Interface GigabitEthernet3/8.618 is still down/down
2017-09-22 21:24:43,513 - PASSED! Interface GigabitEthernet3/9 is still up/up
2017-09-22 21:24:43,515 - PASSED! Interface GigabitEthernet3/10 is still down/down
2017-09-22 21:24:43,516 - PASSED! Interface Gi3/10.617 is still down/down
2017-09-22 21:24:43,518 - PASSED! Interface GigabitEthernet3/11 is still up/up
2017-09-22 21:24:43,519 - PASSED! Interface Gi3/11.625 is still down/deleted
2017-09-22 21:24:43,521 - PASSED! Interface Gi3/11.775 is still down/deleted
2017-09-22 21:24:43,522 - PASSED! Interface Gi3/11.805 is still down/deleted
2017-09-22 21:24:43,524 - PASSED! Interface Gi3/11.1005 is still down/deleted
2017-09-22 21:24:43,525 - PASSED! Interface Gi3/11.1203 is still down/deleted
2017-09-22 21:24:43,526 - PASSED! Interface Gi3/11.1209 is still down/deleted
2017-09-22 21:24:43,528 - PASSED! Interface Gi3/11.1218 is still down/deleted
2017-09-22 21:24:43,530 - PASSED! Interface Gi3/11.1219 is still down/deleted
2017-09-22 21:24:43,533 - PASSED! Interface Gi3/11.1238 is still down/deleted
2017-09-22 21:24:43,534 - PASSED! Interface Gi3/11.1263 is still down/deleted
2017-09-22 21:24:43,536 - PASSED! Interface Gi3/11.1267 is still down/deleted
2017-09-22 21:24:43,537 - PASSED! Interface Gi3/11.1268 is still down/deleted
2017-09-22 21:24:43,539 - PASSED! Interface Gi3/11.1288 is still down/deleted
2017-09-22 21:24:43,541 - PASSED! Interface Gi3/11.1291 is still down/deleted
2017-09-22 21:24:43,542 - PASSED! Interface Gi3/11.1292 is still down/deleted
2017-09-22 21:24:43,544 - PASSED! Interface Gi3/11.1322 is still down/deleted
2017-09-22 21:24:43,545 - PASSED! Interface Gi3/11.1327 is still down/deleted
2017-09-22 21:24:43,547 - PASSED! Interface Gi3/11.1433 is still down/deleted
2017-09-22 21:24:43,548 - PASSED! Interface Gi3/11.1489 is still down/deleted
2017-09-22 21:24:43,550 - PASSED! Interface Gi3/11.1490 is still down/deleted
2017-09-22 21:24:43,551 - PASSED! Interface Gi3/11.1491 is still down/deleted
2017-09-22 21:24:43,553 - PASSED! Interface Gi3/11.1492 is still down/deleted
2017-09-22 21:24:43,554 - PASSED! Interface Gi3/11.1620 is still down/deleted
2017-09-22 21:24:43,555 - PASSED! Interface Gi3/11.1801 is still down/deleted
2017-09-22 21:24:43,557 - PASSED! Interface Gi3/11.1802 is still down/deleted
2017-09-22 21:24:43,558 - PASSED! Interface Gi3/11.13222 is still up/up
2017-09-22 21:24:43,560 - PASSED! Interface GigabitEthernet3/12 is still down/down
2017-09-22 21:24:43,562 - PASSED! Interface GigabitEthernet3/13 is still down/down
2017-09-22 21:24:43,564 - PASSED! Interface GigabitEthernet3/14 is still down/down
2017-09-22 21:24:43,566 - PASSED! Interface GigabitEthernet3/15 is still down/down
2017-09-22 21:24:43,567 - PASSED! Interface GigabitEthernet3/16 is still down/down
2017-09-22 21:24:43,569 - PASSED! Interface Gi3/16.525 is still down/deleted
2017-09-22 21:24:43,571 - PASSED! Interface GigabitEthernet3/17 is still down/down
2017-09-22 21:24:43,572 - PASSED! Interface GigabitEthernet3/18 is still down/down
2017-09-22 21:24:43,574 - PASSED! Interface GigabitEthernet3/19 is still down/down
2017-09-22 21:24:43,575 - PASSED! Interface GigabitEthernet3/20 is still down/down
2017-09-22 21:24:43,579 - PASSED! Interface GigabitEthernet3/21 is still down/down
2017-09-22 21:24:43,581 - PASSED! Interface GigabitEthernet3/22 is still down/down
2017-09-22 21:24:43,582 - PASSED! Interface GigabitEthernet3/23 is still down/down
2017-09-22 21:24:43,584 - PASSED! Interface GigabitEthernet3/24 is still down/down
2017-09-22 21:24:43,585 - PASSED! Interface GigabitEthernet3/25 is still down/down
2017-09-22 21:24:43,586 - PASSED! Interface GigabitEthernet3/26 is still down/down
2017-09-22 21:24:43,588 - PASSED! Interface GigabitEthernet3/27 is still down/down
2017-09-22 21:24:43,589 - PASSED! Interface GigabitEthernet3/28 is still down/down
2017-09-22 21:24:43,591 - PASSED! Interface GigabitEthernet3/29 is still down/down
2017-09-22 21:24:43,593 - PASSED! Interface GigabitEthernet3/30 is still down/down
2017-09-22 21:24:43,595 - PASSED! Interface GigabitEthernet3/31 is still down/down
2017-09-22 21:24:43,597 - PASSED! Interface GigabitEthernet3/32 is still down/down
2017-09-22 21:24:43,598 - PASSED! Interface GigabitEthernet3/33 is still down/down
2017-09-22 21:24:43,600 - PASSED! Interface GigabitEthernet3/34 is still down/down
2017-09-22 21:24:43,602 - PASSED! Interface GigabitEthernet3/35 is still down/down
2017-09-22 21:24:43,603 - PASSED! Interface GigabitEthernet3/36 is still down/down
2017-09-22 21:24:43,605 - PASSED! Interface GigabitEthernet3/37 is still down/down
2017-09-22 21:24:43,606 - PASSED! Interface GigabitEthernet3/38 is still down/down
2017-09-22 21:24:43,608 - PASSED! Interface GigabitEthernet3/39 is still down/down
2017-09-22 21:24:43,610 - PASSED! Interface GigabitEthernet3/40 is still down/down
2017-09-22 21:24:43,611 - PASSED! Interface GigabitEthernet3/41 is still down/down
2017-09-22 21:24:43,613 - PASSED! Interface GigabitEthernet3/42 is still down/down
2017-09-22 21:24:43,614 - PASSED! Interface GigabitEthernet3/43 is still down/down
2017-09-22 21:24:43,615 - PASSED! Interface GigabitEthernet3/44 is still down/down
2017-09-22 21:24:43,617 - PASSED! Interface GigabitEthernet3/45 is still down/down
2017-09-22 21:24:43,618 - PASSED! Interface GigabitEthernet3/46 is still down/down
2017-09-22 21:24:43,620 - PASSED! Interface GigabitEthernet3/47 is still down/down
2017-09-22 21:24:43,621 - PASSED! Interface GigabitEthernet3/48 is still down/down
2017-09-22 21:24:43,623 - PASSED! Interface GigabitEthernet4/1 is still up/up
2017-09-22 21:24:43,625 - PASSED! Interface GigabitEthernet4/2 is still down/down
2017-09-22 21:24:43,627 - PASSED! Interface GigabitEthernet4/3 is still down/down
2017-09-22 21:24:43,629 - PASSED! Interface GigabitEthernet4/4 is still down/down
2017-09-22 21:24:43,631 - PASSED! Interface GigabitEthernet4/5 is still down/down
2017-09-22 21:24:43,632 - PASSED! Interface GigabitEthernet4/6 is still down/down
2017-09-22 21:24:43,634 - PASSED! Interface GigabitEthernet4/7 is still down/down
2017-09-22 21:24:43,635 - PASSED! Interface GigabitEthernet4/8 is still down/down
2017-09-22 21:24:43,637 - PASSED! Interface GigabitEthernet4/9 is still down/down
2017-09-22 21:24:43,639 - PASSED! Interface GigabitEthernet4/10 is still down/down
2017-09-22 21:24:43,640 - PASSED! Interface GigabitEthernet4/11 is still down/down
2017-09-22 21:24:43,642 - PASSED! Interface GigabitEthernet4/12 is still down/down
2017-09-22 21:24:43,643 - PASSED! Interface GigabitEthernet4/13 is still down/down
2017-09-22 21:24:43,645 - PASSED! Interface GigabitEthernet4/14 is still down/down
2017-09-22 21:24:43,646 - PASSED! Interface GigabitEthernet4/15 is still down/down
2017-09-22 21:24:43,648 - PASSED! Interface GigabitEthernet4/16 is still down/down
2017-09-22 21:24:43,649 - PASSED! Interface GigabitEthernet5/1 is still down/down
2017-09-22 21:24:43,650 - PASSED! Interface GigabitEthernet5/2 is still down/down
2017-09-22 21:24:43,652 - FAILED! Interface GigabitEthernet5/3 was up/up and is now down/down
2017-09-22 21:24:43,654 - PASSED! Interface GigabitEthernet5/4 is still down/down
2017-09-22 21:24:43,656 - PASSED! Interface GigabitEthernet5/5 is still down/down
2017-09-22 21:24:43,658 - PASSED! Interface GigabitEthernet5/6 is still down/down
2017-09-22 21:24:43,660 - PASSED! Interface GigabitEthernet5/7 is still down/down
2017-09-22 21:24:43,662 - PASSED! Interface GigabitEthernet5/8 is still down/down
2017-09-22 21:24:43,663 - PASSED! Interface GigabitEthernet5/9 is still down/down
2017-09-22 21:24:43,665 - PASSED! Interface GigabitEthernet6/1 is still down/down
2017-09-22 21:24:43,666 - PASSED! Interface GigabitEthernet6/2 is still down/down
2017-09-22 21:24:43,669 - FAILED! Interface GigabitEthernet6/3 was up/up and is now down/down
2017-09-22 21:24:43,670 - PASSED! Interface GigabitEthernet6/4 is still down/down
2017-09-22 21:24:43,672 - PASSED! Interface GigabitEthernet6/5 is still down/down
2017-09-22 21:24:43,673 - PASSED! Interface GigabitEthernet6/6 is still down/down
2017-09-22 21:24:43,675 - PASSED! Interface GigabitEthernet6/7 is still down/down
2017-09-22 21:24:43,676 - PASSED! Interface GigabitEthernet6/8 is still down/down
2017-09-22 21:24:43,678 - PASSED! Interface GigabitEthernet6/9 is still down/down
2017-09-22 21:24:43,679 - PASSED! Interface GigabitEthernet7/0/0 is still up/up
2017-09-22 21:24:43,681 - PASSED! Interface Gi7/0/0.200 is still down/deleted
2017-09-22 21:24:43,682 - PASSED! Interface Gi7/0/0.310 is still up/up
2017-09-22 21:24:43,684 - PASSED! Interface Gi7/0/0.526 is still up/up
2017-09-22 21:24:43,685 - PASSED! Interface Gi7/0/0.527 is still up/up
2017-09-22 21:24:43,687 - PASSED! Interface Gi7/0/0.741 is still up/up
2017-09-22 21:24:43,688 - PASSED! Interface Gi7/0/0.828 is still up/up
2017-09-22 21:24:43,690 - PASSED! Interface Gi7/0/0.928 is still up/up
2017-09-22 21:24:43,693 - PASSED! Interface Gi7/0/0.991 is still up/up
2017-09-22 21:24:43,694 - PASSED! Interface Gi7/0/0.992 is still up/up
2017-09-22 21:24:43,696 - PASSED! Interface Gi7/0/0.1234 is still up/up
2017-09-22 21:24:43,697 - PASSED! Interface Gi7/0/0.1241 is still up/up
2017-09-22 21:24:43,699 - PASSED! Interface Gi7/0/0.1242 is still up/up
2017-09-22 21:24:43,701 - PASSED! Interface Gi7/0/0.1279 is still down/deleted
2017-09-22 21:24:43,702 - PASSED! Interface Gi7/0/0.1618 is still up/up
2017-09-22 21:24:43,704 - PASSED! Interface Gi7/0/0.1640 is still down/deleted
2017-09-22 21:24:43,705 - PASSED! Interface Gi7/0/0.1685 is still up/up
2017-09-22 21:24:43,707 - PASSED! Interface Gi7/0/0.1825 is still up/up
2017-09-22 21:24:43,708 - PASSED! Interface Gi7/0/0.4000 is still down/deleted
2017-09-22 21:24:43,710 - PASSED! Interface GigabitEthernet7/0/1 is still up/up
2017-09-22 21:24:43,711 - PASSED! Interface Gi7/0/1.1228 is still up/up
2017-09-22 21:24:43,713 - PASSED! Interface Gi7/0/1.1493 is still up/up
2017-09-22 21:24:43,714 - PASSED! Interface Gi7/0/1.1494 is still up/up
2017-09-22 21:24:43,716 - PASSED! Interface Gi7/0/1.1495 is still up/up
2017-09-22 21:24:43,717 - PASSED! Interface GigabitEthernet7/0/2 is still up/up
2017-09-22 21:24:43,719 - PASSED! Interface Gi7/0/2.310 is still up/up
2017-09-22 21:24:43,720 - PASSED! Interface Gi7/0/2.1330 is still up/up
2017-09-22 21:24:43,722 - PASSED! Interface Gi7/0/2.1331 is still up/up
2017-09-22 21:24:43,725 - PASSED! Interface GigabitEthernet7/0/3 is still up/up
2017-09-22 21:24:43,726 - PASSED! Interface Gi7/0/3.525 is still down/deleted
2017-09-22 21:24:43,728 - PASSED! Interface Gi7/0/3.527 is still up/up
2017-09-22 21:24:43,729 - PASSED! Interface Gi7/0/3.528 is still up/up
2017-09-22 21:24:43,731 - PASSED! Interface GigabitEthernet7/0/4 is still up/up
2017-09-22 21:24:43,733 - PASSED! Interface Gi7/0/4.211 is still up/up
2017-09-22 21:24:43,734 - PASSED! Interface Gi7/0/4.212 is still down/deleted
2017-09-22 21:24:43,736 - PASSED! Interface Gi7/0/4.310 is still up/up
2017-09-22 21:24:43,738 - PASSED! Interface Gi7/0/4.525 is still down/deleted
2017-09-22 21:24:43,739 - PASSED! Interface Gi7/0/4.526 is still down/deleted
2017-09-22 21:24:43,741 - PASSED! Interface Gi7/0/4.627 is still down/deleted
2017-09-22 21:24:43,742 - PASSED! Interface Gi7/0/4.637 is still up/up
2017-09-22 21:24:43,743 - PASSED! Interface Gi7/0/4.725 is still up/up
2017-09-22 21:24:43,745 - PASSED! Interface Gi7/0/4.766 is still up/up
2017-09-22 21:24:43,746 - PASSED! Interface Vlan1 is still down/down
2017-09-22 21:24:43,748 - PASSED! Interface Vlan122 is still down/down
2017-09-22 21:24:43,749 - PASSED! Interface Vlan310 is still up/up
2017-09-22 21:24:43,751 - PASSED! Interface Vlan513 is still down/down
2017-09-22 21:24:43,753 - PASSED! Interface Vlan593 is still up/up
2017-09-22 21:24:43,755 - PASSED! Interface Vlan724 is still up/up
2017-09-22 21:24:43,757 - PASSED! Interface Vlan890 is still up/up
2017-09-22 21:24:43,758 - PASSED! Interface Vlan891 is still up/up
2017-09-22 21:24:43,760 - PASSED! Interface Vlan892 is still up/up
2017-09-22 21:24:43,762 - PASSED! Interface Vlan1100 is still up/up
2017-09-22 21:24:43,763 - PASSED! Interface Vlan1122 is still up/up
2017-09-22 21:24:43,765 - PASSED! Interface Vlan1207 is still up/up
2017-09-22 21:24:43,766 - PASSED! Interface Vlan1243 is still up/up
2017-09-22 21:24:43,768 - PASSED! Interface Vlan1249 is still down/down
2017-09-22 21:24:43,770 - PASSED! Interface Vlan1269 is still up/up
2017-09-22 21:24:43,771 - PASSED! Interface Vlan1325 is still up/up
2017-09-22 21:24:43,773 - PASSED! Interface Vlan1335 is still up/up
2017-09-22 21:24:43,774 - PASSED! Interface Vlan1622 is still up/up
2017-09-22 21:24:43,776 - PASSED! Interface Vlan1633 is still up/up
2017-09-22 21:24:43,777 - PASSED! Interface Vlan1636 is still up/up
2017-09-22 21:24:43,778 - PASSED! Interface Vlan4000 is still up/up
2017-09-22 21:24:43,780 - PASSED! Interface Loopback0 is still up/up
2017-09-22 21:24:43,781 - PASSED! Interface Loopback4543 is still up/up
2017-09-22 21:24:43,781 - FAIL! 355 tests passed, 2 tests failed!

2017-09-22 21:24:43,784 - ******** Command: show isis neighbor ********
2017-09-22 21:24:43,786 - PASSED! ISIS adj to agr01.lncl01-neL2 on Gi2/8 is still UP
2017-09-22 21:24:43,788 - PASSED! ISIS adj to agr02.lncl01-neL2 on Gi4/1 is still UP
2017-09-22 21:24:43,790 - FAILED! ISIS adj to pe03.lncl01-ne on L2 was 173.190.229.149 and is now null
2017-09-22 21:24:43,792 - FAILED! ISIS adj to pe05.lncl01-ne-L2 on Gi5/3 was UP and is now null
2017-09-22 21:24:43,792 - FAIL! 2 tests passed, 2 tests failed!

2017-09-22 21:24:43,795 - ******** Command: show mpls interface ********
2017-09-22 21:24:43,796 - PASSED! MPLS interface GigabitEthernet2/8 Operational status is still Yes
2017-09-22 21:24:43,797 - PASSED! MPLS interface GigabitEthernet5/1 Operational status is still No
2017-09-22 21:24:43,799 - PASSED! MPLS interface GigabitEthernet5/2 Operational status is still No
2017-09-22 21:24:43,800 - FAILED! MPLS interface GigabitEthernet5/3 Operational status was Yes and is now null
2017-09-22 21:24:43,801 - PASSED! MPLS interface GigabitEthernet6/1 Operational status is still No
2017-09-22 21:24:43,803 - PASSED! MPLS interface GigabitEthernet6/2 Operational status is still No
2017-09-22 21:24:43,804 - FAILED! MPLS interface GigabitEthernet6/3 Operational status was Yes and is now null
2017-09-22 21:24:43,806 - PASSED! MPLS interface GigabitEthernet4/1 Operational status is still Yes
2017-09-22 21:24:43,806 - FAIL! 6 tests passed, 2 tests failed!

2017-09-22 21:24:43,808 - ******** Command: show ip pim neighbor ********
2017-09-22 21:24:43,809 - PASSED! PIM interface GigabitEthernet2/8 still has neighbor 40.138.82.184
2017-09-22 21:24:43,810 - PASSED! PIM interface GigabitEthernet4/1 still has neighbor 40.138.82.186
2017-09-22 21:24:43,811 - PASS! All 2 tests passed!

2017-09-22 21:24:43,813 - ******** Command: show ip rsvp int ********
2017-09-22 21:24:43,814 - PASSED! RSVP interface Gi2/8 is still ena
2017-09-22 21:24:43,815 - PASSED! RSVP interface Gi4/1 is still ena
2017-09-22 21:24:43,815 - PASS! All 2 tests passed!

2017-09-22 21:24:43,819 - ******** Command: show xconnect all ********
2017-09-22 21:24:43,821 - PASSED! XCONNECT on Gi3/2.1326:1326(Eth to 69.66.3.253:584 is still UP
2017-09-22 21:24:43,822 - PASSED! XCONNECT on Gi2/3.1287:1287(Eth to 151.213.8.95:654 is still UP
2017-09-22 21:24:43,824 - PASSED! XCONNECT on Gi3/10.617:617(Eth to 151.213.8.102:136 is still DN
2017-09-22 21:24:43,825 - PASSED! XCONNECT on Gi3/8.618:618(Eth to 151.213.8.102:137 is still DN
2017-09-22 21:24:43,827 - PASSED! XCONNECT on Gi3/2.619:619(Eth to 151.213.8.102:138 is still DN
2017-09-22 21:24:43,829 - PASSED! XCONNECT on Gi2/6.754:754(Eth to 151.213.8.103:131 is still UP
2017-09-22 21:24:43,830 - PASSED! XCONNECT on Gi2/1.623:623(Eth to 151.213.8.103:142 is still UP
2017-09-22 21:24:43,832 - PASSED! XCONNECT on Gi3/2.814:814(Eth to 151.213.8.103:264 is still UP
2017-09-22 21:24:43,833 - PASSED! XCONNECT on Gi2/2.999:999(Eth to 151.213.8.103:304 is still UP
2017-09-22 21:24:43,835 - PASSED! XCONNECT on Gi3/2.1324:1324(Eth to 151.213.8.103:417 is still UP
2017-09-22 21:24:43,836 - PASSED! XCONNECT on Gi2/2.1619:1619(Eth to 151.213.8.103:515 is still UP
2017-09-22 21:24:43,838 - PASSED! XCONNECT on Gi3/2.1411:1411(Eth to 151.213.8.103:595 is still UP
2017-09-22 21:24:43,839 - PASSED! XCONNECT on Gi7/0/0.1685:1685(Eth to 151.213.8.103:666 is still UP
2017-09-22 21:24:43,841 - PASSED! XCONNECT on Gi7/0/0.928:928(Eth to 151.213.8.103:928 is still UP
2017-09-22 21:24:43,842 - PASSED! XCONNECT on Gi1/1/2.205:205(Eth to 151.213.8.103:1205 is still UP
2017-09-22 21:24:43,843 - PASSED! XCONNECT on Gi1/2/2.525:525(Eth to 151.213.8.113:525 is still UP
2017-09-22 21:24:43,845 - PASSED! XCONNECT on Gi1/2/2.526:526(Eth to 151.213.8.113:526 is still UP
2017-09-22 21:24:43,846 - PASSED! XCONNECT on Gi2/3.1535:1535(Eth to 151.213.14.6:1535 is still UP
2017-09-22 21:24:43,848 - PASSED! XCONNECT on Gi7/0/0.828:828(Eth to 166.82.199.4:748 is still UP
2017-09-22 21:24:43,850 - PASSED! XCONNECT on Gi1/2/2.997:997(Eth to 166.82.199.4:997 is still UP
2017-09-22 21:24:43,852 - PASSED! XCONNECT on Gi7/0/0.741:1550(Eth to 166.82.199.5:741 is still UP
2017-09-22 21:24:43,854 - PASSED! XCONNECT on Gi7/0/4.725:725(Eth to 166.82.199.5:801 is still UP
2017-09-22 21:24:43,854 - PASS! All 22 tests passed!

2017-09-22 21:24:43,854 - ******** Command: show run ********
2017-09-22 21:24:43,875 - FAILED! pe01.nbcy01-ne configuation changed
2017-09-22 21:24:43,875 - ====================================
2017-09-22 21:24:43,875 -  Building configuration...
2017-09-22 21:24:43,875 - -Current configuration : 249237 bytes
2017-09-22 21:24:43,875 - -!
2017-09-22 21:24:43,875 - -! Last configuration change at 03:54:33 CDT Wed Sep 6 2017 by e0169282
2017-09-22 21:24:43,875 - -! NVRAM config last updated at 00:04:42 CDT Tue Sep 12 2017 by deip
2017-09-22 21:24:43,875 - +Current configuration : 248264 bytes
2017-09-22 21:24:43,875 - +!
2017-09-22 21:24:43,875 - +! Last configuration change at 09:54:42 CDT Tue Sep 12 2017 by deip
2017-09-22 21:24:43,876 - +! NVRAM config last updated at 09:54:44 CDT Tue Sep 12 2017 by deip
2017-09-22 21:24:43,876 -  !
2017-09-22 21:24:43,876 -  version 12.2
2017-09-22 21:24:43,876 -  no service pad
2017-09-22 21:24:43,876 - ====================================
2017-09-22 21:24:43,876 -   bfd interval 300 min_rx 300 multiplier 3
2017-09-22 21:24:43,876 -   isis circuit-type level-2-only
2017-09-22 21:24:43,876 -   isis network point-to-point
2017-09-22 21:24:43,876 - - isis metric 500000
2017-09-22 21:24:43,876 - + isis metric 50000
2017-09-22 21:24:43,876 -   isis authentication mode md5
2017-09-22 21:24:43,876 -   isis authentication key-chain ISIS_Auth_MD5
2017-09-22 21:24:43,876 -   no isis hello padding
2017-09-22 21:24:43,876 -   isis bfd
2017-09-22 21:24:43,876 - - isis ipv6 metric 500000
2017-09-22 21:24:43,876 - + isis ipv6 metric 50000
2017-09-22 21:24:43,876 -   service-policy input COUNTER_FOR_BACKBONE_LAN_PORT
2017-09-22 21:24:43,876 -   hold-queue 4096 in
2017-09-22 21:24:43,876 -   ip rsvp bandwidth 1000000
2017-09-22 21:24:43,876 - ====================================
2017-09-22 21:24:43,877 -   bfd interval 300 min_rx 300 multiplier 3
2017-09-22 21:24:43,877 -   isis circuit-type level-2-only
2017-09-22 21:24:43,877 -   isis network point-to-point
2017-09-22 21:24:43,877 - - isis metric 500000
2017-09-22 21:24:43,877 - + isis metric 50000
2017-09-22 21:24:43,877 -   isis authentication mode md5
2017-09-22 21:24:43,877 -   isis authentication key-chain ISIS_Auth_MD5
2017-09-22 21:24:43,877 -   no isis hello padding
2017-09-22 21:24:43,877 -   isis bfd
2017-09-22 21:24:43,877 - - isis ipv6 metric 500000
2017-09-22 21:24:43,877 - + isis ipv6 metric 50000
2017-09-22 21:24:43,877 -   service-policy input COUNTER_FOR_BACKBONE_LAN_PORT
2017-09-22 21:24:43,877 -   hold-queue 4096 in
2017-09-22 21:24:43,877 -   ip rsvp bandwidth 1000000
2017-09-22 21:24:43,877 - ====================================
2017-09-22 21:24:43,877 -   service-policy input COUNTER_FOR_BACKBONE_LAN_PORT
2017-09-22 21:24:43,877 -  !
2017-09-22 21:24:43,877 -  interface GigabitEthernet5/3
2017-09-22 21:24:43,877 - - description BACKHAUL:null:pe05.lncl01-ne:ge-0/3/2:1GE:[VLS1/GE1N/LNCLNEXL/NBCYNEXL1RW]
2017-09-22 21:24:43,877 - + description BLOCKED:null:null:null:null:[Supervisor Port]
2017-09-22 21:24:43,877 -   dampening
2017-09-22 21:24:43,878 -   mtu 9178
2017-09-22 21:24:43,878 - - ip address 173.190.229.154 255.255.255.252
2017-09-22 21:24:43,878 - + no ip address
2017-09-22 21:24:43,878 -   no ip redirects
2017-09-22 21:24:43,878 -   no ip unreachables
2017-09-22 21:24:43,878 -   no ip proxy-arp
2017-09-22 21:24:43,878 - - ip router isis backbone
2017-09-22 21:24:43,878 -   no logging event link-status
2017-09-22 21:24:43,878 -   load-interval 30
2017-09-22 21:24:43,878 -   carrier-delay msec 0
2017-09-22 21:24:43,878 - - ipv6 enable
2017-09-22 21:24:43,878 - - ipv6 router isis backbone
2017-09-22 21:24:43,878 - + shutdown
2017-09-22 21:24:43,878 -   wrr-queue cos-map 2 2 3
2017-09-22 21:24:43,878 -   priority-queue cos-map 1 4 5
2017-09-22 21:24:43,878 -   mpls label protocol ldp
2017-09-22 21:24:43,878 - - mpls ip
2017-09-22 21:24:43,878 -   storm-control broadcast level 1.00
2017-09-22 21:24:43,878 - - bfd interval 300 min_rx 300 multiplier 3
2017-09-22 21:24:43,878 -   no cdp enable
2017-09-22 21:24:43,878 - - isis circuit-type level-2-only
2017-09-22 21:24:43,878 - - isis network point-to-point
2017-09-22 21:24:43,879 - - isis metric 50000
2017-09-22 21:24:43,879 - - isis authentication mode md5
2017-09-22 21:24:43,879 - - isis authentication key-chain ISIS_Auth_MD5
2017-09-22 21:24:43,879 - - no isis hello padding
2017-09-22 21:24:43,879 - - isis ipv6 metric 50000
2017-09-22 21:24:43,879 - - service-policy input COUNTER_FOR_BACKBONE_LAN_PORT_1Gb
2017-09-22 21:24:43,879 -  !
2017-09-22 21:24:43,879 -  interface GigabitEthernet5/4
2017-09-22 21:24:43,879 -   description "BLOCKED:null:null:null:1GE:[supervisor card]"
2017-09-22 21:24:43,879 - ====================================
2017-09-22 21:24:43,879 -   service-policy output COUNTER_FOR_BACKBONE_LAN_PORT_1Gb
2017-09-22 21:24:43,879 -  !
2017-09-22 21:24:43,879 -  interface GigabitEthernet6/3
2017-09-22 21:24:43,880 - - description BACKHAUL:null:pe03.lncl01-ne:Gi6/6:1GE:[VLS1/GE1N/LNCLNEXL1RW/NBCYNEXL1RW]
2017-09-22 21:24:43,880 - - dampening
2017-09-22 21:24:43,880 - + description BLOCKED:null:null:null:null:[Supervisor Port]
2017-09-22 21:24:43,880 -   mtu 9178
2017-09-22 21:24:43,880 - - ip address 173.190.229.150 255.255.255.252
2017-09-22 21:24:43,880 - + no ip address
2017-09-22 21:24:43,880 -   no ip redirects
2017-09-22 21:24:43,880 -   no ip unreachables
2017-09-22 21:24:43,881 -   no ip proxy-arp
2017-09-22 21:24:43,881 - - ip router isis backbone
2017-09-22 21:24:43,881 -   no logging event link-status
2017-09-22 21:24:43,881 -   load-interval 30
2017-09-22 21:24:43,881 -   carrier-delay msec 0
2017-09-22 21:24:43,881 - + shutdown
2017-09-22 21:24:43,881 -   speed nonegotiate
2017-09-22 21:24:43,882 - - ipv6 enable
2017-09-22 21:24:43,882 - - ipv6 router isis backbone
2017-09-22 21:24:43,882 -   wrr-queue cos-map 2 2 3
2017-09-22 21:24:43,882 -   priority-queue cos-map 1 4 5
2017-09-22 21:24:43,882 - - mpls label protocol ldp
2017-09-22 21:24:43,882 - - mpls ip
2017-09-22 21:24:43,882 -   storm-control broadcast level 1.00
2017-09-22 21:24:43,882 - - isis circuit-type level-2-only
2017-09-22 21:24:43,882 - - isis network point-to-point
2017-09-22 21:24:43,882 - - isis metric 50000
2017-09-22 21:24:43,882 - - isis authentication mode md5
2017-09-22 21:24:43,882 - - isis authentication key-chain ISIS_Auth_MD5
2017-09-22 21:24:43,882 - - no isis hello padding
2017-09-22 21:24:43,882 - - isis ipv6 metric 50000
2017-09-22 21:24:43,882 - - service-policy input COUNTER_FOR_BACKBONE_LAN_PORT
2017-09-22 21:24:43,882 -  !
2017-09-22 21:24:43,883 -  interface GigabitEthernet6/4
2017-09-22 21:24:43,883 -   description "BLOCKED:null:null:null:1GE:[supervisor card]"
2017-09-22 21:24:43,883 - ====================================
2017-09-22 21:24:43,883 -  ip prefix-list DO_NOT_ADVERTISE seq 20 permit 151.213.13.113/32
2017-09-22 21:24:43,883 -  ip prefix-list DO_NOT_ADVERTISE seq 25 permit 40.135.0.8/30
2017-09-22 21:24:43,883 -  ip prefix-list DO_NOT_ADVERTISE seq 30 permit 151.213.28.168/31
2017-09-22 21:24:43,883 - -ip prefix-list DO_NOT_ADVERTISE seq 35 permit 173.190.229.152/30
2017-09-22 21:24:43,883 -  ip prefix-list DO_NOT_ADVERTISE seq 40 permit 151.213.28.166/31
2017-09-22 21:24:43,883 - -ip prefix-list DO_NOT_ADVERTISE seq 45 permit 173.190.229.148/30
2017-09-22 21:24:43,883 -  ip prefix-list DO_NOT_ADVERTISE seq 55 permit 10.10.10.4/30
2017-09-22 21:24:43,883 -  ip prefix-list DO_NOT_ADVERTISE seq 60 permit 40.138.82.184/31
2017-09-22 21:24:43,883 -  ip prefix-list DO_NOT_ADVERTISE seq 65 permit 40.138.82.186/31
2017-09-22 21:24:43,883 - 

2017-09-22 21:24:43,883 - ******** Testing ping commands ********
2017-09-22 21:24:43,883 - PASSED! ping vrf vrf-dnoc-mpls-test 151.213.13.251 100% success before and after
2017-09-22 21:24:43,883 - PASSED! ping vrf vrf-dnoc-mpls-test 40.132.48.13 100% success before and after
2017-09-22 21:24:43,883 - PASSED! ping vrf vrf-dnoc-mpls-test 40.132.48.14 100% success before and after
2017-09-22 21:24:43,883 - PASSED! ping 2607:fec0::7eb source lo0 100% success before and after
2017-09-22 21:24:43,884 - PASSED! ping vrf vrf-dnoc-mpls-test 151.213.14.4 100% success before and after
2017-09-22 21:24:43,884 - PASSED! ping vrf vrf-dnoc-mpls-test 151.213.14.3 100% success before and after
2017-09-22 21:24:43,884 - PASSED! ping 2607:fec0::997 source lo0 100% success before and after
2017-09-22 21:24:43,884 - PASSED! ping 2001:4860:4860::8844 source lo0 0% success before and after
2017-09-22 21:24:43,884 - PASSED! ping 2607:fec0::83a source lo0 100% success before and after
2017-09-22 21:24:43,884 - PASSED! ping 2001:4860:4860::8888 source lo0 0% success before and after
2017-09-22 21:24:43,884 - PASSED! ping 2607:fec0::962 source lo0 100% success before and after
2017-09-22 21:24:43,884 - PASSED! ping vrf vrf-dnoc-mpls-test 151.213.14.133 100% success before and after
2017-09-22 21:24:43,884 - PASSED! ping vrf vrf-dnoc-mpls-test 151.213.14.132 100% success before and after
2017-09-22 21:24:43,884 - PASSED! ping vrf vrf-dnoc-mpls-test 151.213.14.136 100% success before and after
2017-09-22 21:24:43,884 - PASSED! ping vrf vrf-dnoc-mpls-test 151.213.14.138 100% success before and after
2017-09-22 21:24:43,885 - PASSED! ping 40.139.19.1 100% success before and after
2017-09-22 21:24:43,885 - PASSED! ping 40.139.19.0 100% success before and after
2017-09-22 21:24:43,885 - PASSED! ping 2607:fec0::998 source lo0 100% success before and after
2017-09-22 21:24:43,885 - PASSED! ping 8.8.4.4 100% success before and after
2017-09-22 21:24:43,885 - PASSED! ping 2607:fec0::1fb source lo0 100% success before and after
2017-09-22 21:24:43,885 - PASSED! ping 2607:fec0::7c5 source lo0 100% success before and after
2017-09-22 21:24:43,885 - PASSED! ping 2607:fec0::894 source lo0 100% success before and after
2017-09-22 21:24:43,885 - PASSED! ping 4.2.2.2 100% success before and after
2017-09-22 21:24:43,886 - PASSED! ping 151.213.36.15 100% success before and after
2017-09-22 21:24:43,886 - PASSED! ping 2607:fec0::1f4 source lo0 100% success before and after
2017-09-22 21:24:43,886 - PASSED! ping vrf vrf-dnoc-mpls-test 151.213.14.85 100% success before and after
2017-09-22 21:24:43,886 - PASSED! ping 2607:fec0::7fc source lo0 100% success before and after
2017-09-22 21:24:43,886 - PASSED! ping 2607:fec0::7fb source lo0 100% success before and after
2017-09-22 21:24:43,886 - PASSED! ping 40.129.35.187 100% success before and after
2017-09-22 21:24:43,886 - PASSED! ping vrf vrf-dnoc-mpls-test 40.139.19.39 100% success before and after
2017-09-22 21:24:43,886 - PASSED! ping 2607:fec0::988 source lo0 100% success before and after
2017-09-22 21:24:43,886 - PASSED! ping 2607:fec0::7fd source lo0 100% success before and after
2017-09-22 21:24:43,886 - PASSED! ping vrf vrf-dnoc-mpls-test 151.213.13.249 100% success before and after
2017-09-22 21:24:43,886 - PASSED! ping 151.213.36.14 100% success before and after
2017-09-22 21:24:43,887 - PASSED! ping vrf vrf-dnoc-mpls-test 151.213.14.84 100% success before and after
2017-09-22 21:24:43,887 - PASSED! ping 2607:fec0::963 source lo0 100% success before and after
2017-09-22 21:24:43,887 - PASSED! ping vrf vrf-dnoc-mpls-test 40.139.19.3 100% success before and after
2017-09-22 21:24:43,887 - PASSED! ping vrf vrf-dnoc-mpls-test 40.139.19.2 100% success before and after
2017-09-22 21:24:43,887 - PASSED! ping 40.129.37.42 100% success before and after
2017-09-22 21:24:43,887 - PASSED! ping 2607:fec0::1fa source lo0 100% success before and after
2017-09-22 21:24:43,887 - PASSED! ping 2607:fec0::839 source lo0 100% success before and after
2017-09-22 21:24:43,887 - PASSED! ping 2607:fec0::895 source lo0 100% success before and after
2017-09-22 21:24:43,887 - PASSED! ping vrf vrf-dnoc-mpls-test 40.139.19.38 100% success before and after
2017-09-22 21:24:43,887 - PASSED! ping 40.132.48.7 100% success before and after
2017-09-22 21:24:43,888 - PASSED! ping vrf vrf-dnoc-mpls-test 40.129.37.43 100% success before and after
2017-09-22 21:24:43,888 - PASSED! ping 40.139.19.36 100% success before and after
2017-09-22 21:24:43,888 - PASSED! ping 40.139.19.37 100% success before and after
2017-09-22 21:24:43,888 - PASSED! ping vrf vrf-dnoc-mpls-test 151.213.14.56 100% success before and after
2017-09-22 21:24:43,888 - PASSED! ping vrf vrf-dnoc-mpls-test 151.213.14.55 100% success before and after
2017-09-22 21:24:43,888 - PASSED! ping 151.213.14.53 100% success before and after
2017-09-22 21:24:43,888 - PASSED! ping 151.213.8.123 100% success before and after
2017-09-22 21:24:43,888 - PASSED! ping 151.213.8.124 100% success before and after
2017-09-22 21:24:43,888 - PASSED! ping 151.213.14.54 100% success before and after
2017-09-22 21:24:43,889 - PASSED! ping vrf vrf-dnoc-mpls-test 151.213.8.126 100% success before and after
2017-09-22 21:24:43,889 - PASSED! ping vrf vrf-dnoc-mpls-test 151.213.8.125 100% success before and after
2017-09-22 21:24:43,889 - PASSED! ping vrf vrf-dnoc-mpls-test 151.213.36.16 100% success before and after
2017-09-22 21:24:43,889 - PASSED! ping 2607:fec0::1f5 source lo0 100% success before and after
2017-09-22 21:24:43,889 - PASSED! ping 151.213.14.2 100% success before and after
2017-09-22 21:24:43,889 - PASSED! ping 151.213.14.1 100% success before and after
2017-09-22 21:24:43,889 - PASSED! ping 2607:fec0:c000:1::1c source lo0 100% success before and after
2017-09-22 21:24:43,889 - PASSED! ping 2607:fec0::987 source lo0 100% success before and after
2017-09-22 21:24:43,889 - PASSED! ping vrf vrf-dnoc-mpls-test 151.213.36.17 100% success before and after
2017-09-22 21:24:43,889 - PASSED! ping 40.132.48.12 100% success before and after
2017-09-22 21:24:43,889 - PASSED! ping 2607:fec0::7ec source lo0 100% success before and after
2017-09-22 21:24:43,889 - PASSED! ping vrf vrf-dnoc-mpls-test 169.130.64.133 100% success before and after
2017-09-22 21:24:43,889 - PASSED! ping vrf vrf-dnoc-mpls-test 169.130.64.132 100% success before and after
2017-09-22 21:24:43,889 - PASSED! ping 169.130.64.131 100% success before and after
2017-09-22 21:24:43,890 - PASSED! ping 169.130.64.130 100% success before and after
2017-09-22 21:24:43,890 - PASSED! ping 2607:fec0::7fa source lo0 100% success before and after
2017-09-22 21:24:43,890 - PASSED! ping 151.213.14.80 100% success before and after
2017-09-22 21:24:43,890 - PASSED! ping 151.213.14.81 100% success before and after
2017-09-22 21:24:43,890 - PASSED! ping 151.213.14.82 100% success before and after
2017-09-22 21:24:43,890 - PASSED! ping 151.213.14.83 100% success before and after
2017-09-22 21:24:43,890 - PASSED! ping 2607:fec0::800 source lo0 100% success before and after
2017-09-22 21:24:43,890 - PASSED! ping 151.213.14.131 100% success before and after
2017-09-22 21:24:43,890 - PASSED! ping 151.213.14.130 100% success before and after
2017-09-22 21:24:43,890 - PASSED! ping 151.213.14.135 100% success before and after
2017-09-22 21:24:43,890 - PASSED! ping 151.213.14.134 100% success before and after
2017-09-22 21:24:43,890 - PASSED! ping 2607:fec0::801 source lo0 100% success before and after
2017-09-22 21:24:43,890 - PASSED! ping vrf vrf-dnoc-mpls-test 40.129.37.92 100% success before and after
2017-09-22 21:24:43,890 - PASSED! ping 2607:fec0:c000:1::1d source lo0 100% success before and after
2017-09-22 21:24:43,890 - PASSED! ping 8.8.8.8 100% success before and after
2017-09-22 21:24:43,891 - PASSED! ping 2607:fec0::7c4 source lo0 100% success before and after
2017-09-22 21:24:43,891 - PASS! 83 ping checks passed! (0 skipped) 

